This is pdfTeX, Version 3.141592653-2.6-1.40.25 (MiKTeX 23.12) (preloaded format=pdflatex 2024.1.7)  7 JAN 2024 18:40
entering extended mode
 restricted \write18 enabled.
 %&-line parsing enabled.
**./FinalProject.tex
(FinalProject.tex
LaTeX2e <2023-11-01>
L3 programming layer <2023-12-11>
(C:\Program Files\MiKTeX\tex/latex/base\article.cls
Document Class: article 2023/05/17 v1.4n Standard LaTeX document class
(C:\Program Files\MiKTeX\tex/latex/base\size10.clo
File: size10.clo 2023/05/17 v1.4n Standard LaTeX file (size option)
)
\c@part=\count187
\c@section=\count188
\c@subsection=\count189
\c@subsubsection=\count190
\c@paragraph=\count191
\c@subparagraph=\count192
\c@figure=\count193
\c@table=\count194
\abovecaptionskip=\skip48
\belowcaptionskip=\skip49
\bibindent=\dimen140
)
(C:\Users\Xunhaoz\AppData\Roaming\MiKTeX\tex/latex/titling\titling.sty
Package: titling 2009/09/04 v2.1d maketitle typesetting
\thanksmarkwidth=\skip50
\thanksmargin=\skip51
\droptitle=\skip52
)
(C:\Users\Xunhaoz\AppData\Roaming\MiKTeX\tex/latex/lipsum\lipsum.sty
(C:\Program Files\MiKTeX\tex/latex/l3packages/l3keys2e\l3keys2e.sty
(C:\Program Files\MiKTeX\tex/latex/l3kernel\expl3.sty
Package: expl3 2023-12-11 L3 programming layer (loader) 

(C:\Program Files\MiKTeX\tex/latex/l3backend\l3backend-pdftex.def
File: l3backend-pdftex.def 2023-11-09 L3 backend support: PDF output (pdfTeX)
\l__color_backend_stack_int=\count195
\l__pdf_internal_box=\box51
))
Package: l3keys2e 2023-10-10 LaTeX2e option processing using LaTeX3 keys
)
Package: lipsum 2021-09-20 v2.7 150 paragraphs of Lorem Ipsum dummy text
\g__lipsum_par_int=\count196
\l__lipsum_a_int=\count197
\l__lipsum_b_int=\count198

(C:\Users\Xunhaoz\AppData\Roaming\MiKTeX\tex/latex/lipsum\lipsum.ltd.tex))
(C:\Program Files\MiKTeX\tex/latex/hyperref\hyperref.sty
Package: hyperref 2023-11-26 v7.01g Hypertext links for LaTeX

(C:\Program Files\MiKTeX\tex/generic/iftex\iftex.sty
Package: iftex 2022/02/03 v1.0f TeX engine tests
)
(C:\Users\Xunhaoz\AppData\Roaming\MiKTeX\tex/generic/infwarerr\infwarerr.sty
Package: infwarerr 2019/12/03 v1.5 Providing info/warning/error messages (HO)
)
(C:\Program Files\MiKTeX\tex/latex/graphics\keyval.sty
Package: keyval 2022/05/29 v1.15 key=value parser (DPC)
\KV@toks@=\toks17
)
(C:\Users\Xunhaoz\AppData\Roaming\MiKTeX\tex/latex/kvsetkeys\kvsetkeys.sty
Package: kvsetkeys 2022-10-05 v1.19 Key value parser (HO)
)
(C:\Users\Xunhaoz\AppData\Roaming\MiKTeX\tex/generic/kvdefinekeys\kvdefinekeys.
sty
Package: kvdefinekeys 2019-12-19 v1.6 Define keys (HO)
)
(C:\Users\Xunhaoz\AppData\Roaming\MiKTeX\tex/generic/pdfescape\pdfescape.sty
Package: pdfescape 2019/12/09 v1.15 Implements pdfTeX's escape features (HO)

(C:\Users\Xunhaoz\AppData\Roaming\MiKTeX\tex/generic/ltxcmds\ltxcmds.sty
Package: ltxcmds 2023-12-04 v1.26 LaTeX kernel commands for general use (HO)
)
(C:\Program Files\MiKTeX\tex/generic/pdftexcmds\pdftexcmds.sty
Package: pdftexcmds 2020-06-27 v0.33 Utility functions of pdfTeX for LuaTeX (HO
)
Package pdftexcmds Info: \pdf@primitive is available.
Package pdftexcmds Info: \pdf@ifprimitive is available.
Package pdftexcmds Info: \pdfdraftmode found.
))
(C:\Users\Xunhaoz\AppData\Roaming\MiKTeX\tex/latex/hycolor\hycolor.sty
Package: hycolor 2020-01-27 v1.10 Color options for hyperref/bookmark (HO)
)
(C:\Users\Xunhaoz\AppData\Roaming\MiKTeX\tex/latex/letltxmacro\letltxmacro.sty
Package: letltxmacro 2019/12/03 v1.6 Let assignment for LaTeX macros (HO)
) (C:\Users\Xunhaoz\AppData\Roaming\MiKTeX\tex/latex/auxhook\auxhook.sty
Package: auxhook 2019-12-17 v1.6 Hooks for auxiliary files (HO)
)
(C:\Program Files\MiKTeX\tex/latex/hyperref\nameref.sty
Package: nameref 2023-11-26 v2.56 Cross-referencing by name of section

(C:\Users\Xunhaoz\AppData\Roaming\MiKTeX\tex/latex/refcount\refcount.sty
Package: refcount 2019/12/15 v3.6 Data extraction from label references (HO)
)
(C:\Users\Xunhaoz\AppData\Roaming\MiKTeX\tex/generic/gettitlestring\gettitlestr
ing.sty
Package: gettitlestring 2019/12/15 v1.6 Cleanup title references (HO)

(C:\Users\Xunhaoz\AppData\Roaming\MiKTeX\tex/latex/kvoptions\kvoptions.sty
Package: kvoptions 2022-06-15 v3.15 Key value format for package options (HO)
))
\c@section@level=\count199
)
(C:\Program Files\MiKTeX\tex/latex/etoolbox\etoolbox.sty
Package: etoolbox 2020/10/05 v2.5k e-TeX tools for LaTeX (JAW)
\etb@tempcnta=\count266
)
\@linkdim=\dimen141
\Hy@linkcounter=\count267
\Hy@pagecounter=\count268

(C:\Program Files\MiKTeX\tex/latex/hyperref\pd1enc.def
File: pd1enc.def 2023-11-26 v7.01g Hyperref: PDFDocEncoding definition (HO)
Now handling font encoding PD1 ...
... no UTF-8 mapping file for font encoding PD1
)
(C:\Users\Xunhaoz\AppData\Roaming\MiKTeX\tex/generic/intcalc\intcalc.sty
Package: intcalc 2019/12/15 v1.3 Expandable calculations with integers (HO)
)
\Hy@SavedSpaceFactor=\count269

(C:\Program Files\MiKTeX\tex/latex/hyperref\puenc.def
File: puenc.def 2023-11-26 v7.01g Hyperref: PDF Unicode definition (HO)
Now handling font encoding PU ...
... no UTF-8 mapping file for font encoding PU
)
Package hyperref Info: Hyper figures OFF on input line 4181.
Package hyperref Info: Link nesting OFF on input line 4186.
Package hyperref Info: Hyper index ON on input line 4189.
Package hyperref Info: Plain pages OFF on input line 4196.
Package hyperref Info: Backreferencing OFF on input line 4201.
Package hyperref Info: Implicit mode ON; LaTeX internals redefined.
Package hyperref Info: Bookmarks ON on input line 4448.
\c@Hy@tempcnt=\count270

(C:\Program Files\MiKTeX\tex/latex/url\url.sty
\Urlmuskip=\muskip16
Package: url 2013/09/16  ver 3.4  Verb mode for urls, etc.
)
LaTeX Info: Redefining \url on input line 4786.
\XeTeXLinkMargin=\dimen142

(C:\Users\Xunhaoz\AppData\Roaming\MiKTeX\tex/generic/bitset\bitset.sty
Package: bitset 2019/12/09 v1.3 Handle bit-vector datatype (HO)

(C:\Users\Xunhaoz\AppData\Roaming\MiKTeX\tex/generic/bigintcalc\bigintcalc.sty
Package: bigintcalc 2019/12/15 v1.5 Expandable calculations on big integers (HO
)
))
\Fld@menulength=\count271
\Field@Width=\dimen143
\Fld@charsize=\dimen144
Package hyperref Info: Hyper figures OFF on input line 6065.
Package hyperref Info: Link nesting OFF on input line 6070.
Package hyperref Info: Hyper index ON on input line 6073.
Package hyperref Info: backreferencing OFF on input line 6080.
Package hyperref Info: Link coloring OFF on input line 6085.
Package hyperref Info: Link coloring with OCG OFF on input line 6090.
Package hyperref Info: PDF/A mode OFF on input line 6095.
 (C:\Program Files\MiKTeX\tex/latex/base\atbegshi-ltx.sty
Package: atbegshi-ltx 2021/01/10 v1.0c Emulation of the original atbegshi
package with kernel methods
)
\Hy@abspage=\count272
\c@Item=\count273
\c@Hfootnote=\count274
)
Package hyperref Info: Driver (autodetected): hpdftex.

(C:\Program Files\MiKTeX\tex/latex/hyperref\hpdftex.def
File: hpdftex.def 2023-11-26 v7.01g Hyperref driver for pdfTeX

(C:\Program Files\MiKTeX\tex/latex/base\atveryend-ltx.sty
Package: atveryend-ltx 2020/08/19 v1.0a Emulation of the original atveryend pac
kage
with kernel methods
)
\Fld@listcount=\count275
\c@bookmark@seq@number=\count276

(C:\Users\Xunhaoz\AppData\Roaming\MiKTeX\tex/latex/rerunfilecheck\rerunfilechec
k.sty
Package: rerunfilecheck 2022-07-10 v1.10 Rerun checks for auxiliary files (HO)

(C:\Users\Xunhaoz\AppData\Roaming\MiKTeX\tex/generic/uniquecounter\uniquecounte
r.sty
Package: uniquecounter 2019/12/15 v1.4 Provide unlimited unique counter (HO)
)
Package uniquecounter Info: New unique counter `rerunfilecheck' on input line 2
85.
)
\Hy@SectionHShift=\skip53
) (C:\Program Files\MiKTeX\tex/latex/tools\indentfirst.sty
Package: indentfirst 2023/07/02 v1.03 Indent first paragraph (DPC)
)
(C:\Program Files\MiKTeX\tex/latex/graphics\graphicx.sty
Package: graphicx 2021/09/16 v1.2d Enhanced LaTeX Graphics (DPC,SPQR)

(C:\Program Files\MiKTeX\tex/latex/graphics\graphics.sty
Package: graphics 2022/03/10 v1.4e Standard LaTeX Graphics (DPC,SPQR)

(C:\Program Files\MiKTeX\tex/latex/graphics\trig.sty
Package: trig 2021/08/11 v1.11 sin cos tan (DPC)
)
(C:\Program Files\MiKTeX\tex/latex/graphics-cfg\graphics.cfg
File: graphics.cfg 2016/06/04 v1.11 sample graphics configuration
)
Package graphics Info: Driver file: pdftex.def on input line 107.

(C:\Program Files\MiKTeX\tex/latex/graphics-def\pdftex.def
File: pdftex.def 2022/09/22 v1.2b Graphics/color driver for pdftex
))
\Gin@req@height=\dimen145
\Gin@req@width=\dimen146
)
(C:\Users\Xunhaoz\AppData\Roaming\MiKTeX\tex/latex/float\float.sty
Package: float 2001/11/08 v1.3d Float enhancements (AL)
\c@float@type=\count277
\float@exts=\toks18
\float@box=\box52
\@float@everytoks=\toks19
\@floatcapt=\box53
)
(C:\Program Files\MiKTeX\tex/latex/amsmath\amsmath.sty
Package: amsmath 2023/05/13 v2.17o AMS math features
\@mathmargin=\skip54

For additional information on amsmath, use the `?' option.
(C:\Program Files\MiKTeX\tex/latex/amsmath\amstext.sty
Package: amstext 2021/08/26 v2.01 AMS text

(C:\Program Files\MiKTeX\tex/latex/amsmath\amsgen.sty
File: amsgen.sty 1999/11/30 v2.0 generic functions
\@emptytoks=\toks20
\ex@=\dimen147
))
(C:\Program Files\MiKTeX\tex/latex/amsmath\amsbsy.sty
Package: amsbsy 1999/11/29 v1.2d Bold Symbols
\pmbraise@=\dimen148
)
(C:\Program Files\MiKTeX\tex/latex/amsmath\amsopn.sty
Package: amsopn 2022/04/08 v2.04 operator names
)
\inf@bad=\count278
LaTeX Info: Redefining \frac on input line 234.
\uproot@=\count279
\leftroot@=\count280
LaTeX Info: Redefining \overline on input line 399.
LaTeX Info: Redefining \colon on input line 410.
\classnum@=\count281
\DOTSCASE@=\count282
LaTeX Info: Redefining \ldots on input line 496.
LaTeX Info: Redefining \dots on input line 499.
LaTeX Info: Redefining \cdots on input line 620.
\Mathstrutbox@=\box54
\strutbox@=\box55
LaTeX Info: Redefining \big on input line 722.
LaTeX Info: Redefining \Big on input line 723.
LaTeX Info: Redefining \bigg on input line 724.
LaTeX Info: Redefining \Bigg on input line 725.
\big@size=\dimen149
LaTeX Font Info:    Redeclaring font encoding OML on input line 743.
LaTeX Font Info:    Redeclaring font encoding OMS on input line 744.
\macc@depth=\count283
LaTeX Info: Redefining \bmod on input line 905.
LaTeX Info: Redefining \pmod on input line 910.
LaTeX Info: Redefining \smash on input line 940.
LaTeX Info: Redefining \relbar on input line 970.
LaTeX Info: Redefining \Relbar on input line 971.
\c@MaxMatrixCols=\count284
\dotsspace@=\muskip17
\c@parentequation=\count285
\dspbrk@lvl=\count286
\tag@help=\toks21
\row@=\count287
\column@=\count288
\maxfields@=\count289
\andhelp@=\toks22
\eqnshift@=\dimen150
\alignsep@=\dimen151
\tagshift@=\dimen152
\tagwidth@=\dimen153
\totwidth@=\dimen154
\lineht@=\dimen155
\@envbody=\toks23
\multlinegap=\skip55
\multlinetaggap=\skip56
\mathdisplay@stack=\toks24
LaTeX Info: Redefining \[ on input line 2953.
LaTeX Info: Redefining \] on input line 2954.
)
(C:\Users\Xunhaoz\AppData\Roaming\MiKTeX\tex/latex/mathtools\mathtools.sty
Package: mathtools 2022/06/29 v1.29 mathematical typesetting tools

(C:\Program Files\MiKTeX\tex/latex/tools\calc.sty
Package: calc 2023/07/08 v4.3 Infix arithmetic (KKT,FJ)
\calc@Acount=\count290
\calc@Bcount=\count291
\calc@Adimen=\dimen156
\calc@Bdimen=\dimen157
\calc@Askip=\skip57
\calc@Bskip=\skip58
LaTeX Info: Redefining \setlength on input line 80.
LaTeX Info: Redefining \addtolength on input line 81.
\calc@Ccount=\count292
\calc@Cskip=\skip59
)
(C:\Users\Xunhaoz\AppData\Roaming\MiKTeX\tex/latex/mathtools\mhsetup.sty
Package: mhsetup 2021/03/18 v1.4 programming setup (MH)
)
\g_MT_multlinerow_int=\count293
\l_MT_multwidth_dim=\dimen158
\origjot=\skip60
\l_MT_shortvdotswithinadjustabove_dim=\dimen159
\l_MT_shortvdotswithinadjustbelow_dim=\dimen160
\l_MT_above_intertext_sep=\dimen161
\l_MT_below_intertext_sep=\dimen162
\l_MT_above_shortintertext_sep=\dimen163
\l_MT_below_shortintertext_sep=\dimen164
\xmathstrut@box=\box56
\xmathstrut@dim=\dimen165
)
(C:\Users\Xunhaoz\AppData\Roaming\MiKTeX\tex/latex/booktabs\booktabs.sty
Package: booktabs 2020/01/12 v1.61803398 Publication quality tables
\heavyrulewidth=\dimen166
\lightrulewidth=\dimen167
\cmidrulewidth=\dimen168
\belowrulesep=\dimen169
\belowbottomsep=\dimen170
\aboverulesep=\dimen171
\abovetopsep=\dimen172
\cmidrulesep=\dimen173
\cmidrulekern=\dimen174
\defaultaddspace=\dimen175
\@cmidla=\count294
\@cmidlb=\count295
\@aboverulesep=\dimen176
\@belowrulesep=\dimen177
\@thisruleclass=\count296
\@lastruleclass=\count297
\@thisrulewidth=\dimen178
)
(C:\Program Files\MiKTeX\tex/latex/tools\tabularx.sty
Package: tabularx 2023/07/08 v2.11c `tabularx' package (DPC)

(C:\Program Files\MiKTeX\tex/latex/tools\array.sty
Package: array 2023/10/16 v2.5g Tabular extension package (FMi)
\col@sep=\dimen179
\ar@mcellbox=\box57
\extrarowheight=\dimen180
\NC@list=\toks25
\extratabsurround=\skip61
\backup@length=\skip62
\ar@cellbox=\box58
)
\TX@col@width=\dimen181
\TX@old@table=\dimen182
\TX@old@col=\dimen183
\TX@target=\dimen184
\TX@delta=\dimen185
\TX@cols=\count298
\TX@ftn=\toks26
)
(C:\Users\Xunhaoz\AppData\Roaming\MiKTeX\tex/latex/siunitx\siunitx.sty
Package: siunitx 2023-11-14 v3.3.9 A comprehensive (SI) units package
\l__siunitx_number_uncert_offset_int=\count299
\l__siunitx_number_exponent_fixed_int=\count300
\l__siunitx_number_min_decimal_int=\count301
\l__siunitx_number_min_integer_int=\count302
\l__siunitx_number_round_precision_int=\count303
\l__siunitx_number_lower_threshold_int=\count304
\l__siunitx_number_upper_threshold_int=\count305
\l__siunitx_number_group_first_int=\count306
\l__siunitx_number_group_size_int=\count307
\l__siunitx_number_group_minimum_int=\count308
\l__siunitx_angle_tmp_dim=\dimen186
\l__siunitx_angle_marker_box=\box59
\l__siunitx_angle_unit_box=\box60
\l__siunitx_compound_count_int=\count309

(C:\Users\Xunhaoz\AppData\Roaming\MiKTeX\tex/latex/translations\translations.st
y
Package: translations 2022/02/05 v1.12 internationalization of LaTeX2e packages
 (CN)
)
\l__siunitx_table_tmp_box=\box61
\l__siunitx_table_tmp_dim=\dimen187
\l__siunitx_table_column_width_dim=\dimen188
\l__siunitx_table_integer_box=\box62
\l__siunitx_table_decimal_box=\box63
\l__siunitx_table_uncert_box=\box64
\l__siunitx_table_before_box=\box65
\l__siunitx_table_after_box=\box66
\l__siunitx_table_before_dim=\dimen189
\l__siunitx_table_carry_dim=\dimen190
\l__siunitx_unit_tmp_int=\count310
\l__siunitx_unit_position_int=\count311
\l__siunitx_unit_total_int=\count312
) (C:\Users\Xunhaoz\AppData\Roaming\MiKTeX\tex/latex/geometry\geometry.sty
Package: geometry 2020/01/02 v5.9 Page Geometry

(C:\Program Files\MiKTeX\tex/generic/iftex\ifvtex.sty
Package: ifvtex 2019/10/25 v1.7 ifvtex legacy package. Use iftex instead.
)
\Gm@cnth=\count313
\Gm@cntv=\count314
\c@Gm@tempcnt=\count315
\Gm@bindingoffset=\dimen191
\Gm@wd@mp=\dimen192
\Gm@odd@mp=\dimen193
\Gm@even@mp=\dimen194
\Gm@layoutwidth=\dimen195
\Gm@layoutheight=\dimen196
\Gm@layouthoffset=\dimen197
\Gm@layoutvoffset=\dimen198
\Gm@dimlist=\toks27

(C:\Users\Xunhaoz\AppData\Roaming\MiKTeX\tex/latex/geometry\geometry.cfg))
(C:\Users\Xunhaoz\AppData\Roaming\MiKTeX\tex/latex/enumitem\enumitem.sty
Package: enumitem 2019/06/20 v3.9 Customized lists
\labelindent=\skip63
\enit@outerparindent=\dimen199
\enit@toks=\toks28
\enit@inbox=\box67
\enit@count@id=\count316
\enitdp@description=\count317
)
(C:\Users\Xunhaoz\AppData\Roaming\MiKTeX\tex/latex/apacite\apacite.sty
Package: apacite 2013/07/21 v6.03 APA citation
\c@BibCnt=\count318
\bibleftmargin=\skip64
\bibindent=\skip65
\bibparsep=\skip66
\bibitemsep=\skip67
\biblabelsep=\skip68
)
Package translations Info: No language package found. I am going to use `englis
h' as default language. on input line 31.

(FinalProject.aux

LaTeX Warning: Label `Fig.svm_mse' multiply defined.


LaTeX Warning: Label `Fig.svm_loss' multiply defined.


LaTeX Warning: Label `Fig.svm_mse' multiply defined.


LaTeX Warning: Label `Fig.svm_loss' multiply defined.


LaTeX Warning: Label `Fig.svm_loss' multiply defined.

)
\openout1 = `FinalProject.aux'.

LaTeX Font Info:    Checking defaults for OML/cmm/m/it on input line 31.
LaTeX Font Info:    ... okay on input line 31.
LaTeX Font Info:    Checking defaults for OMS/cmsy/m/n on input line 31.
LaTeX Font Info:    ... okay on input line 31.
LaTeX Font Info:    Checking defaults for OT1/cmr/m/n on input line 31.
LaTeX Font Info:    ... okay on input line 31.
LaTeX Font Info:    Checking defaults for T1/cmr/m/n on input line 31.
LaTeX Font Info:    ... okay on input line 31.
LaTeX Font Info:    Checking defaults for TS1/cmr/m/n on input line 31.
LaTeX Font Info:    ... okay on input line 31.
LaTeX Font Info:    Checking defaults for OMX/cmex/m/n on input line 31.
LaTeX Font Info:    ... okay on input line 31.
LaTeX Font Info:    Checking defaults for U/cmr/m/n on input line 31.
LaTeX Font Info:    ... okay on input line 31.
LaTeX Font Info:    Checking defaults for PD1/pdf/m/n on input line 31.
LaTeX Font Info:    ... okay on input line 31.
LaTeX Font Info:    Checking defaults for PU/pdf/m/n on input line 31.
LaTeX Font Info:    ... okay on input line 31.
Package hyperref Info: Link coloring OFF on input line 31.
 (FinalProject.out) (FinalProject.out)
\@outlinefile=\write3
\openout3 = `FinalProject.out'.


(C:\Program Files\MiKTeX\tex/context/base/mkii\supp-pdf.mkii
[Loading MPS to PDF converter (version 2006.09.02).]
\scratchcounter=\count319
\scratchdimen=\dimen256
\scratchbox=\box68
\nofMPsegments=\count320
\nofMParguments=\count321
\everyMPshowfont=\toks29
\MPscratchCnt=\count322
\MPscratchDim=\dimen257
\MPnumerator=\count323
\makeMPintoPDFobject=\count324
\everyMPtoPDFconversion=\toks30
) (C:\Program Files\MiKTeX\tex/latex/epstopdf-pkg\epstopdf-base.sty
Package: epstopdf-base 2020-01-24 v2.11 Base part for package epstopdf
Package epstopdf-base Info: Redefining graphics rule for `.eps' on input line 4
85.

(C:\Program Files\MiKTeX\tex/latex/00miktex\epstopdf-sys.cfg
File: epstopdf-sys.cfg 2021/03/18 v2.0 Configuration of epstopdf for MiKTeX
))
(C:\Program Files\MiKTeX\tex/latex/graphics\color.sty
Package: color 2022/01/06 v1.3d Standard LaTeX Color (DPC)

(C:\Program Files\MiKTeX\tex/latex/graphics-cfg\color.cfg
File: color.cfg 2016/01/02 v1.6 sample color configuration
)
Package color Info: Driver file: pdftex.def on input line 149.

(C:\Program Files\MiKTeX\tex/latex/graphics\mathcolor.ltx))
(C:\Users\Xunhaoz\AppData\Roaming\MiKTeX\tex/latex/translations/dicts\translati
ons-basic-dictionary-english.trsl
File: translations-basic-dictionary-english.trsl (english translation file `tra
nslations-basic-dictionary')
)
Package translations Info: loading dictionary `translations-basic-dictionary' f
or `english'. on input line 31.

*geometry* driver: auto-detecting
*geometry* detected driver: pdftex
*geometry* verbose mode - [ preamble ] result:
* driver: pdftex
* paper: <default>
* layout: <same size as paper>
* layoutoffset:(h,v)=(0.0pt,0.0pt)
* modes: 
* h-part:(L,W,R)=(92.14519pt, 430.00462pt, 92.14519pt)
* v-part:(T,H,B)=(95.39737pt, 556.47656pt, 143.09605pt)
* \paperwidth=614.295pt
* \paperheight=794.96999pt
* \textwidth=430.00462pt
* \textheight=556.47656pt
* \oddsidemargin=19.8752pt
* \evensidemargin=19.8752pt
* \topmargin=-13.87262pt
* \headheight=12.0pt
* \headsep=25.0pt
* \topskip=10.0pt
* \footskip=30.0pt
* \marginparwidth=4.0pt
* \marginparsep=10.0pt
* \columnsep=10.0pt
* \skip\footins=9.0pt plus 4.0pt minus 2.0pt
* \hoffset=0.0pt
* \voffset=0.0pt
* \mag=1000
* \@twocolumntrue
* \@twosidefalse
* \@mparswitchfalse
* \@reversemarginfalse
* (1in=72.27pt=25.4mm, 1cm=28.453pt)

\c@maskedRefs=\count325
(C:\Users\Xunhaoz\AppData\Roaming\MiKTeX\tex/latex/apacite\english.apc
File: english.apc 2013/07/21 v6.03 apacite language file
LaTeX Info: Redefining \BPBI on input line 129.
LaTeX Info: Redefining \BHBI on input line 130.
)
[1


{C:/Users/Xunhaoz/AppData/Local/MiKTeX/fonts/map/pdftex/pdftex.map}]
Underfull \vbox (badness 10000) has occurred while \output is active []


pdfTeX warning (ext4): destination with the same identifier (name{page.1}) has 
been already used, duplicate ignored
<to be read again> 
                   \relax 
l.53 
      [1

]
Underfull \hbox (badness 10000) in paragraph at lines 62--62
[]\OT1/cmr/bx/n/10 Filtering 'REL' and 'WORK-
 []


Underfull \hbox (badness 4995) in paragraph at lines 72--73
[]\OT1/cmr/m/n/10 The pre-pro-cessed dataset, de-noted as
 []


Underfull \hbox (badness 2326) in paragraph at lines 75--76
[]\OT1/cmr/m/n/10 The func-tion data[]reader() en-cap-su-lates
 []

[2]
<YEAR.png, id=332, 610.6815pt x 382.3083pt>
File: YEAR.png Graphic file (type png)
<use YEAR.png>
Package pdftex.def Info: YEAR.png  used on input line 85.
(pdftex.def)             Requested size: 170.71652pt x 106.87057pt.
<REL.png, id=334, 610.6815pt x 428.5611pt>
File: REL.png Graphic file (type png)
<use REL.png>
Package pdftex.def Info: REL.png  used on input line 95.
(pdftex.def)             Requested size: 170.71652pt x 119.8001pt.
<SEX.png, id=335, 610.6815pt x 385.9218pt>
File: SEX.png Graphic file (type png)
<use SEX.png>
Package pdftex.def Info: SEX.png  used on input line 104.
(pdftex.def)             Requested size: 170.71652pt x 107.8807pt.
<AGE.png, id=336, 610.6815pt x 382.3083pt>
File: AGE.png Graphic file (type png)
<use AGE.png>
Package pdftex.def Info: AGE.png  used on input line 113.
(pdftex.def)             Requested size: 170.71652pt x 106.87057pt.
 [3
pdfTeX warning (ext4): destination with the same identifier (name{figure.1}) ha
s been already used, duplicate ignored
<argument> ...shipout:D \box_use:N \l_shipout_box 
                                                  \__shipout_drop_firstpage_...
l.116 		\end{figure}
                    
pdfTeX warning (ext4): destination with the same identifier (name{figure.2}) ha
s been already used, duplicate ignored
<argument> ...shipout:D \box_use:N \l_shipout_box 
                                                  \__shipout_drop_firstpage_...
l.116 		\end{figure}
                    
pdfTeX warning (ext4): destination with the same identifier (name{figure.3}) ha
s been already used, duplicate ignored
<argument> ...shipout:D \box_use:N \l_shipout_box 
                                                  \__shipout_drop_firstpage_...
l.116 		\end{figure}
                     <./YEAR.png> <./REL.png> <./SEX.png>]
<EDU.png, id=347, 610.6815pt x 400.3758pt>
File: EDU.png Graphic file (type png)
<use EDU.png>
Package pdftex.def Info: EDU.png  used on input line 122.
(pdftex.def)             Requested size: 170.71652pt x 111.92117pt.

Underfull \vbox (badness 10000) has occurred while \output is active []

<IND.png, id=348, 610.6815pt x 463.9734pt>
File: IND.png Graphic file (type png)
<use IND.png>
Package pdftex.def Info: IND.png  used on input line 132.
(pdftex.def)             Requested size: 170.71652pt x 129.69926pt.
<OCC.png, id=349, 610.6815pt x 463.9734pt>
File: OCC.png Graphic file (type png)
<use OCC.png>
Package pdftex.def Info: OCC.png  used on input line 141.
(pdftex.def)             Requested size: 170.71652pt x 129.69926pt.

Underfull \vbox (badness 8038) has occurred while \output is active []

 [4
pdfTeX warning (ext4): destination with the same identifier (name{figure.4}) ha
s been already used, duplicate ignored
<argument> ...shipout:D \box_use:N \l_shipout_box 
                                                  \__shipout_drop_firstpage_...
l.144 		\end{figure}
                    
pdfTeX warning (ext4): destination with the same identifier (name{figure.5}) ha
s been already used, duplicate ignored
<argument> ...shipout:D \box_use:N \l_shipout_box 
                                                  \__shipout_drop_firstpage_...
l.144 		\end{figure}
                    
pdfTeX warning (ext4): destination with the same identifier (name{figure.6}) ha
s been already used, duplicate ignored
<argument> ...shipout:D \box_use:N \l_shipout_box 
                                                  \__shipout_drop_firstpage_...
l.144 		\end{figure}
                     <./AGE.png> <./EDU.png> <./IND.png>]
<WKCLASS.png, id=360, 610.6815pt x 428.5611pt>
File: WKCLASS.png Graphic file (type png)
<use WKCLASS.png>
Package pdftex.def Info: WKCLASS.png  used on input line 150.
(pdftex.def)             Requested size: 170.71652pt x 119.8001pt.

Underfull \vbox (badness 10000) has occurred while \output is active []

<WORK.png, id=361, 610.6815pt x 400.3758pt>
File: WORK.png Graphic file (type png)
<use WORK.png>
Package pdftex.def Info: WORK.png  used on input line 159.
(pdftex.def)             Requested size: 170.71652pt x 111.92117pt.
<WORKPLACE.png, id=362, 610.6815pt x 435.7881pt>
File: WORKPLACE.png Graphic file (type png)
<use WORKPLACE.png>
Package pdftex.def Info: WORKPLACE.png  used on input line 168.
(pdftex.def)             Requested size: 170.71652pt x 121.82034pt.
 [5
pdfTeX warning (ext4): destination with the same identifier (name{figure.7}) ha
s been already used, duplicate ignored
<argument> ...shipout:D \box_use:N \l_shipout_box 
                                                  \__shipout_drop_firstpage_...
l.172 
      
pdfTeX warning (ext4): destination with the same identifier (name{figure.8}) ha
s been already used, duplicate ignored
<argument> ...shipout:D \box_use:N \l_shipout_box 
                                                  \__shipout_drop_firstpage_...
l.172 
      
pdfTeX warning (ext4): destination with the same identifier (name{figure.9}) ha
s been already used, duplicate ignored
<argument> ...shipout:D \box_use:N \l_shipout_box 
                                                  \__shipout_drop_firstpage_...
l.172 
       <./OCC.png> <./WKCLASS.png> <./WORK.png>]
<MRG.png, id=373, 610.6815pt x 428.5611pt>
File: MRG.png Graphic file (type png)
<use MRG.png>
Package pdftex.def Info: MRG.png  used on input line 177.
(pdftex.def)             Requested size: 170.71652pt x 119.8001pt.
<PT.png, id=374, 610.6815pt x 406.8801pt>
File: PT.png Graphic file (type png)
<use PT.png>
Package pdftex.def Info: PT.png  used on input line 186.
(pdftex.def)             Requested size: 170.71652pt x 113.7394pt.
 [6
pdfTeX warning (ext4): destination with the same identifier (name{figure.10}) h
as been already used, duplicate ignored
<argument> ...shipout:D \box_use:N \l_shipout_box 
                                                  \__shipout_drop_firstpage_...
l.199 \[ \hat{Y}(x) = \text{Leaf}(x), \]
                                        
pdfTeX warning (ext4): destination with the same identifier (name{figure.11}) h
as been already used, duplicate ignored
<argument> ...shipout:D \box_use:N \l_shipout_box 
                                                  \__shipout_drop_firstpage_...
l.199 \[ \hat{Y}(x) = \text{Leaf}(x), \]
                                        
pdfTeX warning (ext4): destination with the same identifier (name{figure.12}) h
as been already used, duplicate ignored
<argument> ...shipout:D \box_use:N \l_shipout_box 
                                                  \__shipout_drop_firstpage_...
l.199 \[ \hat{Y}(x) = \text{Leaf}(x), \]
                                         <./WORKPLACE.png> <./MRG.png> <./PT.pn
g>]
Underfull \hbox (badness 2027) in paragraph at lines 218--219
[]\OT1/cmr/m/n/10 The unique-ness of the Ex-tremely Tree
 []

[7]
Underfull \hbox (badness 2443) in paragraph at lines 249--250
\OT1/cmr/m/n/10 dis-tinc-tive strength lies in its op-ti-miza-tion
 []

[8] [9]
Underfull \hbox (badness 3884) in paragraph at lines 322--323
[]\OT1/cmr/m/n/10 Linear Re-gres-sion, a fun-da-men-tal and
 []


Underfull \hbox (badness 2189) in paragraph at lines 328--329
\OML/cmm/m/it/10 X[]; X[]; [] ; X[]$ \OT1/cmr/m/n/10 are the in-put fea-tures, 
and
 []

[10]
Overfull \hbox (41.44783pt too wide) detected at line 363
\OML/cmm/m/it/10 L[]\OT1/cmr/m/n/10 (\OML/cmm/m/it/10 y; f\OT1/cmr/m/n/10 (\OML
/cmm/m/it/10 X\OT1/cmr/m/n/10 )) = []
 []

[11] [12]
Underfull \hbox (badness 10000) in paragraph at lines 432--433
[]\OT1/cmr/m/n/10 Applications of Bayesian Ridge are
 []

[13]
Overfull \hbox (7.91676pt too wide) detected at line 441
[] [] \OML/cmm/m/it/10 ;
 []

[14]
Underfull \hbox (badness 10000) in paragraph at lines 484--485
[]\OT1/cmr/m/n/10 Applications of PLS Re-gres-sion are
 []


Underfull \hbox (badness 1377) in paragraph at lines 484--485
\OT1/cmr/m/n/10 widespread, rang-ing from chemo-met-rics and
 []

[15] [16]
Underfull \hbox (badness 3646) in paragraph at lines 536--537
[]\OT1/cmr/m/n/10 The Hist Gra-di-ent Boost-ing Re-gres-sor
 []

[17] [18]
Underfull \hbox (badness 3724) in paragraph at lines 589--590
[]\OT1/cmr/m/n/10 XGBoost, short for eX-treme Gra-di-ent
 []


Underfull \hbox (badness 4168) in paragraph at lines 612--613
[]\OT1/cmr/m/n/10 LightGBM's unique fea-tures in-clude a
 []

[19]
Underfull \hbox (badness 10000) in paragraph at lines 616--617
[]\OT1/cmr/m/n/10 In sum-mary, Light-GBM's dis-tinc-tive
 []


Underfull \hbox (badness 4229) in paragraph at lines 619--620
[]\OT1/cmr/m/n/10 CatBoost, a high-performance gra-di-ent
 []


Underfull \hbox (badness 10000) in paragraph at lines 631--632
[]\OT1/cmr/m/n/10 In sum-mary, Cat-Boost's dis-tinc-tive
 []


Underfull \hbox (badness 1931) in paragraph at lines 631--632
\OT1/cmr/m/n/10 strengths lie in its or-dered boost-ing strat-
 []


Underfull \hbox (badness 3965) in paragraph at lines 631--632
\OT1/cmr/m/n/10 and ro-bust-ness against over-fit-ting, mak-ing
 []


Overfull \hbox (49.5397pt too wide) in paragraph at lines 640--648
 [][] 
 []


Overfull \hbox (25.95634pt too wide) in paragraph at lines 653--660
 [][] 
 []


Overfull \hbox (49.5397pt too wide) in paragraph at lines 665--673
 [][] 
 []

[20
pdfTeX warning (ext4): destination with the same identifier (name{table.1}) has
 been already used, duplicate ignored
<argument> ...shipout:D \box_use:N \l_shipout_box 
                                                  \__shipout_drop_firstpage_...
l.676 
      
pdfTeX warning (ext4): destination with the same identifier (name{table.2}) has
 been already used, duplicate ignored
<argument> ...shipout:D \box_use:N \l_shipout_box 
                                                  \__shipout_drop_firstpage_...
l.676 
      
pdfTeX warning (ext4): destination with the same identifier (name{table.3}) has
 been already used, duplicate ignored
<argument> ...shipout:D \box_use:N \l_shipout_box 
                                                  \__shipout_drop_firstpage_...
l.676 
      ]
<svm_mse.png, id=456, 596.9502pt x 414.8298pt>
File: svm_mse.png Graphic file (type png)
<use svm_mse.png>
Package pdftex.def Info: svm_mse.png  used on input line 682.
(pdftex.def)             Requested size: 170.71652pt x 118.63283pt.
<svm_loss.png, id=457, 596.9502pt x 414.8298pt>
File: svm_loss.png Graphic file (type png)
<use svm_loss.png>
Package pdftex.def Info: svm_loss.png  used on input line 688.
(pdftex.def)             Requested size: 170.71652pt x 118.63283pt.
<tradition_mae.png, id=458, 603.4545pt x 443.7378pt>
File: tradition_mae.png Graphic file (type png)
<use tradition_mae.png>
Package pdftex.def Info: tradition_mae.png  used on input line 698.
(pdftex.def)             Requested size: 170.71652pt x 125.5322pt.
<tradition_loss.png, id=459, 596.9502pt x 443.7378pt>
File: tradition_loss.png Graphic file (type png)
<use tradition_loss.png>
Package pdftex.def Info: tradition_loss.png  used on input line 704.
(pdftex.def)             Requested size: 170.71652pt x 126.89992pt.
 [21
pdfTeX warning (ext4): destination with the same identifier (name{figure.13}) h
as been already used, duplicate ignored
<argument> ...shipout:D \box_use:N \l_shipout_box 
                                                  \__shipout_drop_firstpage_...
l.709 
      
pdfTeX warning (ext4): destination with the same identifier (name{figure.14}) h
as been already used, duplicate ignored
<argument> ...shipout:D \box_use:N \l_shipout_box 
                                                  \__shipout_drop_firstpage_...
l.709 
      
pdfTeX warning (ext4): destination with the same identifier (name{figure.15}) h
as been already used, duplicate ignored
<argument> ...shipout:D \box_use:N \l_shipout_box 
                                                  \__shipout_drop_firstpage_...
l.709 
      
pdfTeX warning (ext4): destination with the same identifier (name{figure.16}) h
as been already used, duplicate ignored
<argument> ...shipout:D \box_use:N \l_shipout_box 
                                                  \__shipout_drop_firstpage_...
l.709 
       <./svm_mse.png> <./svm_loss.png> <./tradition_mae.png> <./tradition_loss
.png>]
<ensemble_mse.png, id=472, 631.6398pt x 453.8556pt>
File: ensemble_mse.png Graphic file (type png)
<use ensemble_mse.png>
Package pdftex.def Info: ensemble_mse.png  used on input line 720.
(pdftex.def)             Requested size: 170.71652pt x 122.6673pt.
<ensemble_mse_loss_wi.png, id=473, 596.9502pt x 453.8556pt>
File: ensemble_mse_loss_wi.png Graphic file (type png)
<use ensemble_mse_loss_wi.png>
Package pdftex.def Info: ensemble_mse_loss_wi.png  used on input line 726.
(pdftex.def)             Requested size: 170.71652pt x 129.7934pt.

Underfull \vbox (badness 10000) has occurred while \output is active []

<ensemble_mse_loss_wh.png, id=474, 631.6398pt x 453.8556pt>
File: ensemble_mse_loss_wh.png Graphic file (type png)
<use ensemble_mse_loss_wh.png>
Package pdftex.def Info: ensemble_mse_loss_wh.png  used on input line 732.
(pdftex.def)             Requested size: 170.71652pt x 122.6673pt.

Underfull \hbox (badness 1014) in paragraph at lines 736--737
[]\OT1/cmr/m/n/10 Due to the sub-par per-for-mance of Ad-
 []

[22
pdfTeX warning (ext4): destination with the same identifier (name{figure.17}) h
as been already used, duplicate ignored
<argument> ...shipout:D \box_use:N \l_shipout_box 
                                                  \__shipout_drop_firstpage_...
l.737 
      
pdfTeX warning (ext4): destination with the same identifier (name{figure.18}) h
as been already used, duplicate ignored
<argument> ...shipout:D \box_use:N \l_shipout_box 
                                                  \__shipout_drop_firstpage_...
l.737 
      
pdfTeX warning (ext4): destination with the same identifier (name{figure.19}) h
as been already used, duplicate ignored
<argument> ...shipout:D \box_use:N \l_shipout_box 
                                                  \__shipout_drop_firstpage_...
l.737 
       <./ensemble_mse.png> <./ensemble_mse_loss_wi.png> <./ensemble_mse_loss_w
h.png>]

Package siunitx Info: Option "scientific-notation = true" has been deprecated
(siunitx)             in this release.
(siunitx)             
(siunitx)             Use "exponent-mode = scientific" as a replacement.


Package siunitx Info: Option "separate-uncertainty" has been deprecated in
(siunitx)             this release.
(siunitx)             
(siunitx)             Use "uncertainty-mode = separate" as a replacement.


Overfull \hbox (19.10942pt too wide) in alignment at lines 761--761
[][][] 
 []


Overfull \hbox (19.10942pt too wide) in alignment at lines 772--772
[][][] 
 []

<mse_with_onehot.png, id=485, 631.6398pt x 453.8556pt>
File: mse_with_onehot.png Graphic file (type png)
<use mse_with_onehot.png>
Package pdftex.def Info: mse_with_onehot.png  used on input line 784.
(pdftex.def)             Requested size: 170.71652pt x 122.6673pt.
[23
pdfTeX warning (ext4): destination with the same identifier (name{table.4}) has
 been already used, duplicate ignored
<argument> ...shipout:D \box_use:N \l_shipout_box 
                                                  \__shipout_drop_firstpage_...
l.789 
      
pdfTeX warning (ext4): destination with the same identifier (name{table.5}) has
 been already used, duplicate ignored
<argument> ...shipout:D \box_use:N \l_shipout_box 
                                                  \__shipout_drop_firstpage_...
l.789 
      
pdfTeX warning (ext4): destination with the same identifier (name{figure.20}) h
as been already used, duplicate ignored
<argument> ...shipout:D \box_use:N \l_shipout_box 
                                                  \__shipout_drop_firstpage_...
l.789 
       <./mse_with_onehot.png>]
Underfull \hbox (badness 2012) in paragraph at lines 794--795
[]\OT1/cmr/bx/n/10 Multilayer Per-cep-tron (ML-PRe-
 []


Underfull \hbox (badness 10000) in paragraph at lines 799--800
[]\OT1/cmr/bx/n/10 CatBoostRegressor, LGBM-Re-
 []


Underfull \hbox (badness 2005) in paragraph at lines 799--800
\OT1/cmr/bx/n/10 Boost-in-gRe-gres-sor: \OT1/cmr/m/n/10 These mod-els
 []


Underfull \hbox (badness 1389) in paragraph at lines 804--805
[]\OT1/cmr/bx/n/10 RandomForestRegressor, Bag-gin-
 []


Underfull \hbox (badness 7759) in paragraph at lines 809--810
[]\OT1/cmr/bx/n/10 BayesianRidge, ARDRegres-sion,
 []


Underfull \hbox (badness 10000) in paragraph at lines 809--810
\OT1/cmr/bx/n/10 SG-DRegres-sor, TheilSen-Re-gres-
 []


Underfull \hbox (badness 10000) in paragraph at lines 809--810
\OT1/cmr/bx/n/10 sor, Lin-earSVR, WeightKNN,
 []


Underfull \hbox (badness 10000) in paragraph at lines 809--810
\OT1/cmr/bx/n/10 Lin-ear-Regres-sion, RANSACRe-
 []


Underfull \hbox (badness 1430) in paragraph at lines 809--810
\OT1/cmr/m/n/10 lin-ear re-la-tion-ships be-tween fea-tures,
 []


Underfull \hbox (badness 2818) in paragraph at lines 814--815
[]\OT1/cmr/bx/n/10 HuberRegressor, PLSRe-gres-sion,
 []


Underfull \hbox (badness 10000) in paragraph at lines 814--815
\OT1/cmr/bx/n/10 Tweed-ieRe-gres-sor, De-ci-sion-
 []


Underfull \hbox (badness 2213) in paragraph at lines 814--815
\OT1/cmr/bx/n/10 TreeRe-gres-sor, Ex-tra-TreeRe-gres-
 []


Underfull \hbox (badness 6608) in paragraph at lines 814--815
\OT1/cmr/bx/n/10 sor, Pas-siveAg-gres-siveRe-gres-sor,
 []


Underfull \hbox (badness 2772) in paragraph at lines 814--815
\OT1/cmr/bx/n/10 Elas-tic-Net, SVR, NuSVR, Ad-
 []


Underfull \hbox (badness 10000) in paragraph at lines 814--815
\OT1/cmr/bx/n/10 aBoost-Re-gres-sor: \OT1/cmr/m/n/10 These mod-els
 []


Underfull \hbox (badness 7576) in paragraph at lines 814--815
\OT1/cmr/m/n/10 en-com-pass var-i-ous other re-gres-sion
 []


Underfull \vbox (badness 10000) has occurred while \output is active []

 [24]
No file FinalProject.bbl.

Underfull \hbox (badness 1661) in paragraph at lines 826--827
\OT1/cmr/m/n/10 tics pro-vided by the Directorate-General of
 []


Underfull \hbox (badness 3668) in paragraph at lines 828--829
\OT1/cmr/m/n/10 on-line through the of-fi-cial web-site of the
 []


Underfull \hbox (badness 2980) in paragraph at lines 828--829
\OT1/cmr/m/n/10 Statis-tics ([]$\OT1/cmtt/m/n/10 https :// www [] .stat [] .gov
 [] .tw / np [] .asp []
 []


Underfull \vbox (badness 1092) has occurred while \output is active []



Package hyperref Warning: Difference (2) between bookmark levels is greater 
(hyperref)                than one, level fixed on input line 834.


Underfull \hbox (badness 5985) in paragraph at lines 839--840
[]\OT1/cmr/bx/n/10 Children (in-clud-ing adopted chil-
 []

[25]
Underfull \hbox (badness 1259) in paragraph at lines 844--845
[]\OT1/cmr/bx/n/10 Head of House-hold's Grand-par-ents
 []


Underfull \hbox (badness 4378) in paragraph at lines 845--846
[]\OT1/cmr/bx/n/10 Head of House-hold's Un-cles and
 []


Underfull \hbox (badness 3758) in paragraph at lines 847--848
[]\OT1/cmr/bx/n/10 Children's Spouses: \OT1/cmr/m/n/10 The in-di-vid-ual
 []


Underfull \hbox (badness 10000) in paragraph at lines 848--849
[]\OT1/cmr/bx/n/10 Head of House-hold's Nephews,
 []


Underfull \hbox (badness 10000) in paragraph at lines 850--851
[]\OT1/cmr/bx/n/10 Siblings' Spouses: \OT1/cmr/m/n/10 The in-di-vid-ual
 []


Underfull \hbox (badness 1755) in paragraph at lines 850--851
\OT1/cmr/m/n/10 recorded in the data is the spouse of
 []


Underfull \hbox (badness 6961) in paragraph at lines 855--856
[]\OT1/cmr/bx/n/10 Relatives' Friends: \OT1/cmr/m/n/10 The in-di-vid-ual
 []


Underfull \hbox (badness 3965) in paragraph at lines 856--857
[]\OT1/cmr/bx/n/10 Long-term Worker (with com-mon
 []


Underfull \hbox (badness 1946) in paragraph at lines 856--857
\OT1/cmr/bx/n/10 eco-nomic ac-tiv-i-ties): \OT1/cmr/m/n/10 The in-di-vid-ual
 []


Underfull \hbox (badness 5862) in paragraph at lines 858--858
[]\OT1/cmr/bx/n/10 Gender Re-la-tion-ship with the
 []


Underfull \hbox (badness 4156) in paragraph at lines 871--872
[]\OT1/cmr/bx/n/10 Elementary School: \OT1/cmr/m/n/10 The in-di-vid-ual
 []


Underfull \hbox (badness 1810) in paragraph at lines 872--873
[]\OT1/cmr/bx/n/10 Junior High School (Ju-nior Vo-ca-
 []

[26]
Underfull \hbox (badness 7256) in paragraph at lines 873--874
[]\OT1/cmr/bx/n/10 Junior Vo-ca-tional: \OT1/cmr/m/n/10 The in-di-vid-ual
 []


Underfull \hbox (badness 1383) in paragraph at lines 874--875
[]\OT1/cmr/bx/n/10 Junior High School: \OT1/cmr/m/n/10 The in-di-vid-ual
 []


Underfull \hbox (badness 1448) in paragraph at lines 877--878
[]\OT1/cmr/bx/n/10 Junior Col-lege (Be-fore the Three-
 []


Underfull \hbox (badness 10000) in paragraph at lines 879--880
[]\OT1/cmr/bx/n/10 Graduate School: \OT1/cmr/m/n/10 The in-di-vid-ual
 []


Underfull \hbox (badness 10000) in paragraph at lines 880--881
[]\OT1/cmr/bx/n/10 Master's De-gree: \OT1/cmr/m/n/10 The in-di-vid-ual
 []


Underfull \hbox (badness 3849) in paragraph at lines 880--881
\OT1/cmr/m/n/10 recorded in the data has ob-tained a
 []


Underfull \hbox (badness 4454) in paragraph at lines 884--884
[]\OT1/cmr/bx/n/10 Occupational Re-la-tion-ship with
 []


Underfull \hbox (badness 10000) in paragraph at lines 892--893
[]\OT1/cmr/bx/n/10 Fishing In-dus-try: \OT1/cmr/m/n/10 The in-di-vid-ual
 []

[27]
Underfull \hbox (badness 4699) in paragraph at lines 903--904
[]\OT1/cmr/bx/n/10 Transportation, Ware-hous-ing, and
 []

[28]
Underfull \hbox (badness 1881) in paragraph at lines 929--930
[]\OT1/cmr/bx/n/10 Public Rep-re-sen-ta-tive, Ad-min-is-tra-
 []


Underfull \hbox (badness 10000) in paragraph at lines 933--934
[]\OT1/cmr/bx/n/10 Clerical Work-ers: \OT1/cmr/m/n/10 The in-di-vid-ual
 []


Underfull \hbox (badness 2269) in paragraph at lines 935--936
[]\OT1/cmr/bx/n/10 Service Work-ers and Sales-per-sons:
 []


Underfull \hbox (badness 10000) in paragraph at lines 942--943
\OT1/cmr/bx/n/10 Hunt-ing Work-ers: \OT1/cmr/m/n/10 The in-di-vid-ual
 []


Underfull \hbox (badness 10000) in paragraph at lines 944--945
[]\OT1/cmr/bx/n/10 Agriculture, Live-stock, Hunt-ing,
 []

[29]
Underfull \hbox (badness 10000) in paragraph at lines 958--959
[]\OT1/cmr/bx/n/10 Manual Work-ers: \OT1/cmr/m/n/10 The in-di-vid-ual
 []


Underfull \hbox (badness 6893) in paragraph at lines 968--969
[]\OT1/cmr/bx/n/10 Employee (Hired): \OT1/cmr/m/n/10 The in-di-vid-ual
 []


Underfull \hbox (badness 1173) in paragraph at lines 974--975
[]\OT1/cmr/bx/n/10 Student (In-clud-ing those at-tend-ing
 []


Underfull \hbox (badness 1342) in paragraph at lines 976--977
[]\OT1/cmr/bx/n/10 Other (In-clud-ing chil-dren un-der 7
 []

[30]
Underfull \hbox (badness 3803) in paragraph at lines 989--989
[]\OT1/cmr/bx/n/10 Income Re-cip-i-ent Type (Ti-tle:
 []


Underfull \hbox (badness 10000) in paragraph at lines 996--996
[]\OT1/cmr/bx/n/10 Workplace (Ti-tle: WORK-
 []


Underfull \hbox (badness 10000) in paragraph at lines 1028--1029
[]\OT1/cmr/bx/n/10 Previously re-ceived one-time
 []

[31] [32

] (FinalProject.aux)
 ***********
LaTeX2e <2023-11-01>
L3 programming layer <2023-12-11>
 ***********


LaTeX Warning: There were multiply-defined labels.

Package rerunfilecheck Info: File `FinalProject.out' has not changed.
(rerunfilecheck)             Checksum: 220A473D63C556B9B9A64FA3A45DFF04;12476.
 ) 
Here is how much of TeX's memory you used:
 15918 strings out of 474495
 311840 string characters out of 5753745
 1942460 words of memory out of 5000000
 37864 multiletter control sequences out of 15000+600000
 564632 words of font info for 59 fonts, out of 8000000 for 9000
 1141 hyphenation exceptions out of 8191
 79i,11n,93p,1303b,1018s stack positions out of 10000i,1000n,20000p,200000b,200000s

pdfTeX warning (dest): name{subsubsection.6.2.10} has been referenced but does 
not exist, replaced by a fixed one


pdfTeX warning (dest): name{subsubsection.6.2.9} has been referenced but does n
ot exist, replaced by a fixed one


pdfTeX warning (dest): name{subsubsection.6.2.8} has been referenced but does n
ot exist, replaced by a fixed one


pdfTeX warning (dest): name{subsubsection.6.2.7} has been referenced but does n
ot exist, replaced by a fixed one


pdfTeX warning (dest): name{subsubsection.6.2.6} has been referenced but does n
ot exist, replaced by a fixed one


pdfTeX warning (dest): name{subsubsection.6.2.5} has been referenced but does n
ot exist, replaced by a fixed one


pdfTeX warning (dest): name{subsubsection.6.2.4} has been referenced but does n
ot exist, replaced by a fixed one


pdfTeX warning (dest): name{subsubsection.6.2.3} has been referenced but does n
ot exist, replaced by a fixed one


pdfTeX warning (dest): name{subsubsection.6.2.2} has been referenced but does n
ot exist, replaced by a fixed one


pdfTeX warning (dest): name{subsubsection.6.2.1} has been referenced but does n
ot exist, replaced by a fixed one


pdfTeX warning (dest): name{subsection.6.2} has been referenced but does not ex
ist, replaced by a fixed one


pdfTeX warning (dest): name{subsection.6.1} has been referenced but does not ex
ist, replaced by a fixed one


pdfTeX warning (dest): name{section.6} has been referenced but does not exist, 
replaced by a fixed one

 <C:\Users\Xunhaoz\AppData\Local\MiKTeX\fonts/pk/ljfour/jknappen/ec/dpi600\tcrm
1000.pk> <C:\Users\Xunhaoz\AppData\Local\MiKTeX\fonts/pk/ljfour/jknappen/ec/dpi
600\tcrm0600.pk> <C:\Users\Xunhaoz\AppData\Local\MiKTeX\fonts/pk/ljfour/jknappe
n/ec/dpi600\tcrm0800.pk><C:/Program Files/MiKTeX/fonts/type1/public/amsfonts/cm
/cmbx10.pfb><C:/Program Files/MiKTeX/fonts/type1/public/amsfonts/cm/cmbx12.pfb>
<C:/Program Files/MiKTeX/fonts/type1/public/amsfonts/cm/cmex10.pfb><C:/Program 
Files/MiKTeX/fonts/type1/public/amsfonts/cm/cmmi10.pfb><C:/Program Files/MiKTeX
/fonts/type1/public/amsfonts/cm/cmmi5.pfb><C:/Program Files/MiKTeX/fonts/type1/
public/amsfonts/cm/cmmi7.pfb><C:/Program Files/MiKTeX/fonts/type1/public/amsfon
ts/cm/cmr10.pfb><C:/Program Files/MiKTeX/fonts/type1/public/amsfonts/cm/cmr12.p
fb><C:/Program Files/MiKTeX/fonts/type1/public/amsfonts/cm/cmr17.pfb><C:/Progra
m Files/MiKTeX/fonts/type1/public/amsfonts/cm/cmr5.pfb><C:/Program Files/MiKTeX
/fonts/type1/public/amsfonts/cm/cmr7.pfb><C:/Program Files/MiKTeX/fonts/type1/p
ublic/amsfonts/cm/cmr8.pfb><C:/Program Files/MiKTeX/fonts/type1/public/amsfonts
/cm/cmsy10.pfb><C:/Program Files/MiKTeX/fonts/type1/public/amsfonts/cm/cmsy5.pf
b><C:/Program Files/MiKTeX/fonts/type1/public/amsfonts/cm/cmsy7.pfb><C:/Program
 Files/MiKTeX/fonts/type1/public/amsfonts/cm/cmtt10.pfb>
Output written on D:\Pycharm\hosehold\1230_2102\FinalProject\build\FinalProject
.pdf (33 pages, 1142055 bytes).
PDF statistics:
 671 PDF objects out of 1000 (max. 8388607)
 153 named destinations out of 1000 (max. 500000)
 717 words of extra memory for PDF output out of 10000 (max. 10000000)

