\BOOKMARK [1][-]{section.1}{\376\377\000I\000n\000t\000r\000o\000d\000u\000c\000t\000i\000o\000n}{}% 1
\BOOKMARK [1][-]{section.2}{\376\377\000D\000a\000t\000a\000s\000e\000t}{}% 2
\BOOKMARK [2][-]{subsection.2.1}{\376\377\000D\000a\000t\000a\000\040\000P\000r\000e\000p\000r\000o\000c\000e\000s\000s\000i\000n\000g}{section.2}% 3
\BOOKMARK [3][-]{subsubsection.2.1.1}{\376\377\000M\000o\000d\000i\000f\000i\000c\000a\000t\000i\000o\000n\000\040\000o\000f\000\040\000'\000M\000R\000G\000'\000\040\000C\000o\000l\000u\000m\000n}{subsection.2.1}% 4
\BOOKMARK [3][-]{subsubsection.2.1.2}{\376\377\000F\000i\000l\000t\000e\000r\000i\000n\000g\000\040\000'\000R\000E\000L\000'\000\040\000a\000n\000d\000\040\000'\000W\000O\000R\000K\000P\000L\000A\000C\000E\000'\000\040\000C\000o\000l\000u\000m\000n\000s}{subsection.2.1}% 5
\BOOKMARK [3][-]{subsubsection.2.1.3}{\376\377\000S\000t\000a\000n\000d\000a\000r\000d\000i\000z\000a\000t\000i\000o\000n\000\040\000o\000f\000\040\000'\000I\000T\000M\0004\0000\000'\000\040\000C\000o\000l\000u\000m\000n}{subsection.2.1}% 6
\BOOKMARK [3][-]{subsubsection.2.1.4}{\376\377\000O\000n\000e\000-\000H\000o\000t\000\040\000E\000n\000c\000o\000d\000i\000n\000g\000\040\000o\000f\000\040\000C\000a\000t\000e\000g\000o\000r\000i\000c\000a\000l\000\040\000V\000a\000r\000i\000a\000b\000l\000e\000s}{subsection.2.1}% 7
\BOOKMARK [3][-]{subsubsection.2.1.5}{\376\377\000F\000i\000n\000a\000l\000\040\000D\000a\000t\000a\000s\000e\000t}{subsection.2.1}% 8
\BOOKMARK [3][-]{subsubsection.2.1.6}{\376\377\000F\000u\000n\000c\000t\000i\000o\000n\000:\000\040\000d\000a\000t\000a\000\137\000r\000e\000a\000d\000e\000r\000\050\000\051}{subsection.2.1}% 9
\BOOKMARK [2][-]{subsection.2.2}{\376\377\000D\000a\000t\000a\000s\000e\000t\000\040\000V\000i\000s\000u\000a\000l\000i\000z\000a\000t\000i\000o\000n}{section.2}% 10
\BOOKMARK [3][-]{subsubsection.2.2.1}{\376\377\000Y\000E\000A\000R}{subsection.2.2}% 11
\BOOKMARK [3][-]{subsubsection.2.2.2}{\376\377\000R\000E\000L}{subsection.2.2}% 12
\BOOKMARK [3][-]{subsubsection.2.2.3}{\376\377\000S\000E\000X}{subsection.2.2}% 13
\BOOKMARK [3][-]{subsubsection.2.2.4}{\376\377\000A\000G\000E}{subsection.2.2}% 14
\BOOKMARK [3][-]{subsubsection.2.2.5}{\376\377\000E\000D\000U}{subsection.2.2}% 15
\BOOKMARK [3][-]{subsubsection.2.2.6}{\376\377\000I\000N\000D}{subsection.2.2}% 16
\BOOKMARK [3][-]{subsubsection.2.2.7}{\376\377\000O\000C\000C}{subsection.2.2}% 17
\BOOKMARK [3][-]{subsubsection.2.2.8}{\376\377\000W\000K\000C\000l\000a\000s\000s}{subsection.2.2}% 18
\BOOKMARK [3][-]{subsubsection.2.2.9}{\376\377\000W\000O\000R\000K}{subsection.2.2}% 19
\BOOKMARK [3][-]{subsubsection.2.2.10}{\376\377\000W\000O\000R\000K\000P\000l\000a\000c\000e}{subsection.2.2}% 20
\BOOKMARK [3][-]{subsubsection.2.2.11}{\376\377\000M\000R\000G}{subsection.2.2}% 21
\BOOKMARK [3][-]{subsubsection.2.2.12}{\376\377\000P\000T}{subsection.2.2}% 22
\BOOKMARK [1][-]{section.3}{\376\377\000M\000e\000t\000h\000o\000d\000o\000l\000o\000g\000y}{}% 23
\BOOKMARK [2][-]{subsection.3.1}{\376\377\000t\000r\000e\000e\000\040\000M\000o\000d\000e\000l\000s}{section.3}% 24
\BOOKMARK [3][-]{subsubsection.3.1.1}{\376\377\000D\000e\000c\000i\000s\000i\000o\000n\000\040\000T\000r\000e\000e\000\040\000R\000e\000g\000r\000e\000s\000s\000o\000r}{subsection.3.1}% 25
\BOOKMARK [3][-]{subsubsection.3.1.2}{\376\377\000E\000x\000t\000r\000e\000m\000e\000l\000y\000\040\000T\000r\000e\000e\000\040\000R\000e\000g\000r\000e\000s\000s\000o\000r}{subsection.3.1}% 26
\BOOKMARK [2][-]{subsection.3.2}{\376\377\000S\000v\000m\000\040\000M\000o\000d\000e\000l\000s}{section.3}% 27
\BOOKMARK [3][-]{subsubsection.3.2.1}{\376\377\000S\000V\000R}{subsection.3.2}% 28
\BOOKMARK [3][-]{subsubsection.3.2.2}{\376\377\000N\000u\000S\000V\000R}{subsection.3.2}% 29
\BOOKMARK [3][-]{subsubsection.3.2.3}{\376\377\000L\000i\000n\000e\000a\000r\000\040\000S\000V\000R}{subsection.3.2}% 30
\BOOKMARK [2][-]{subsection.3.3}{\376\377\000N\000e\000i\000g\000h\000b\000o\000r\000s\000\040\000M\000o\000d\000e\000l\000s}{section.3}% 31
\BOOKMARK [3][-]{subsubsection.3.3.1}{\376\377\000K\000N\000e\000i\000g\000h\000b\000o\000r\000s\000\040\000R\000e\000g\000r\000e\000s\000s\000o\000r}{subsection.3.3}% 32
\BOOKMARK [3][-]{subsubsection.3.3.2}{\376\377\000W\000e\000i\000g\000h\000t\000e\000d\000\040\000K\000n\000e\000i\000g\000h\000b\000o\000r\000s\000\040\000R\000e\000g\000r\000e\000s\000s\000o\000r}{subsection.3.3}% 33
\BOOKMARK [2][-]{subsection.3.4}{\376\377\000L\000i\000n\000e\000a\000r\000\040\000M\000o\000d\000e\000l\000s}{section.3}% 34
\BOOKMARK [3][-]{subsubsection.3.4.1}{\376\377\000L\000i\000n\000e\000a\000r\000\040\000R\000e\000g\000r\000e\000s\000s\000i\000o\000n}{subsection.3.4}% 35
\BOOKMARK [3][-]{subsubsection.3.4.2}{\376\377\000R\000A\000N\000S\000A\000C\000\040\000R\000e\000g\000r\000e\000s\000s\000o\000r}{subsection.3.4}% 36
\BOOKMARK [3][-]{subsubsection.3.4.3}{\376\377\000H\000u\000b\000e\000r\000\040\000R\000e\000g\000r\000e\000s\000s\000o\000r}{subsection.3.4}% 37
\BOOKMARK [3][-]{subsubsection.3.4.4}{\376\377\000P\000o\000i\000s\000s\000o\000n\000\040\000R\000e\000g\000r\000e\000s\000s\000o\000r}{subsection.3.4}% 38
\BOOKMARK [3][-]{subsubsection.3.4.5}{\376\377\000P\000a\000s\000s\000i\000v\000e\000\040\000A\000g\000g\000r\000e\000s\000s\000i\000v\000e\000\040\000R\000e\000g\000r\000e\000s\000s\000o\000r}{subsection.3.4}% 39
\BOOKMARK [3][-]{subsubsection.3.4.6}{\376\377\000T\000h\000e\000i\000l\000S\000e\000n\000\040\000R\000e\000g\000r\000e\000s\000s\000o\000r}{subsection.3.4}% 40
\BOOKMARK [3][-]{subsubsection.3.4.7}{\376\377\000B\000a\000y\000e\000s\000i\000a\000n\000\040\000R\000i\000d\000g\000e}{subsection.3.4}% 41
\BOOKMARK [3][-]{subsubsection.3.4.8}{\376\377\000E\000l\000a\000s\000t\000i\000c\000\040\000N\000e\000t}{subsection.3.4}% 42
\BOOKMARK [2][-]{subsection.3.5}{\376\377\000N\000e\000u\000r\000a\000l\000\040\000N\000e\000t\000w\000o\000r\000k\000\040\000M\000o\000d\000e\000l\000s}{section.3}% 43
\BOOKMARK [3][-]{subsubsection.3.5.1}{\376\377\000M\000L\000P\000\040\000R\000e\000g\000r\000e\000s\000s\000o\000r}{subsection.3.5}% 44
\BOOKMARK [2][-]{subsection.3.6}{\376\377\000C\000r\000o\000s\000s\000\040\000D\000e\000c\000o\000m\000p\000o\000s\000i\000t\000i\000o\000n\000\040\000M\000o\000d\000e\000l\000s}{section.3}% 45
\BOOKMARK [3][-]{subsubsection.3.6.1}{\376\377\000P\000L\000S\000\040\000R\000e\000g\000r\000e\000s\000s\000i\000o\000n}{subsection.3.6}% 46
\BOOKMARK [2][-]{subsection.3.7}{\376\377\000E\000n\000s\000e\000m\000b\000l\000e\000\040\000M\000o\000d\000e\000l\000s}{section.3}% 47
\BOOKMARK [3][-]{subsubsection.3.7.1}{\376\377\000B\000a\000g\000g\000i\000n\000g\000\040\000R\000e\000g\000r\000e\000s\000s\000o\000r}{subsection.3.7}% 48
\BOOKMARK [3][-]{subsubsection.3.7.2}{\376\377\000R\000a\000n\000d\000o\000m\000\040\000F\000o\000r\000e\000s\000t\000\040\000R\000e\000g\000r\000e\000s\000s\000o\000r}{subsection.3.7}% 49
\BOOKMARK [3][-]{subsubsection.3.7.3}{\376\377\000E\000x\000t\000r\000e\000m\000e\000l\000y\000\040\000T\000r\000e\000e\000s\000\040\000R\000e\000g\000r\000e\000s\000s\000o\000r}{subsection.3.7}% 50
\BOOKMARK [3][-]{subsubsection.3.7.4}{\376\377\000H\000i\000s\000t\000\040\000G\000r\000a\000d\000i\000e\000n\000t\000\040\000B\000o\000o\000s\000t\000i\000n\000g\000\040\000R\000e\000g\000r\000e\000s\000s\000o\000r}{subsection.3.7}% 51
\BOOKMARK [3][-]{subsubsection.3.7.5}{\376\377\000G\000r\000a\000d\000i\000e\000n\000t\000\040\000B\000o\000o\000s\000t\000i\000n\000g\000\040\000R\000e\000g\000r\000e\000s\000s\000o\000r}{subsection.3.7}% 52
\BOOKMARK [3][-]{subsubsection.3.7.6}{\376\377\000A\000d\000a\000B\000o\000o\000s\000t\000\040\000R\000e\000g\000r\000e\000s\000s\000o\000r}{subsection.3.7}% 53
\BOOKMARK [2][-]{subsection.3.8}{\376\377\000P\000o\000p\000u\000l\000a\000r\000\040\000M\000o\000d\000e\000l\000s\000\050\000o\000n\000\040\000K\000a\000g\000g\000l\000e\000\051}{section.3}% 54
\BOOKMARK [3][-]{subsubsection.3.8.1}{\376\377\000x\000g\000b\000o\000o\000s\000t}{subsection.3.8}% 55
\BOOKMARK [3][-]{subsubsection.3.8.2}{\376\377\000l\000i\000g\000h\000t\000g\000b\000m}{subsection.3.8}% 56
\BOOKMARK [3][-]{subsubsection.3.8.3}{\376\377\000c\000a\000t\000b\000o\000o\000s\000t}{subsection.3.8}% 57
\BOOKMARK [1][-]{section.4}{\376\377\000E\000x\000p\000e\000r\000i\000m\000e\000n\000t\000s}{}% 58
\BOOKMARK [2][-]{subsection.4.1}{\376\377\000D\000r\000o\000p\000\040\000o\000u\000t\000\040\000R\000e\000s\000u\000l\000t\000s}{section.4}% 59
\BOOKMARK [2][-]{subsection.4.2}{\376\377\000S\000V\000M}{section.4}% 60
\BOOKMARK [2][-]{subsection.4.3}{\376\377\000T\000r\000a\000d\000i\000t\000i\000o\000n\000a\000l\000\040\000m\000o\000d\000e\000l\000s}{section.4}% 61
\BOOKMARK [2][-]{subsection.4.4}{\376\377\000E\000n\000s\000e\000m\000b\000l\000e\000\040\000M\000o\000d\000e\000l\000s}{section.4}% 62
\BOOKMARK [2][-]{subsection.4.5}{\376\377\000N\000e\000u\000r\000a\000l\000\040\000N\000e\000t\000w\000o\000r\000k}{section.4}% 63
\BOOKMARK [1][-]{section.5}{\376\377\000C\000o\000n\000c\000l\000u\000s\000i\000o\000n}{}% 64
\BOOKMARK [1][-]{appendix.A}{\376\377\000D\000a\000t\000a\000s\000e\000t}{}% 65
\BOOKMARK [1][-]{appendix.B}{\376\377\000D\000a\000t\000a\000s\000e\000t\000\040\000C\000o\000l\000u\000m\000n\000\040\000D\000e\000s\000c\000r\000i\000p\000t\000i\000o\000n}{}% 66
\BOOKMARK [2][-]{subsubsection.B.0.1}{\376\377\000R\000e\000l\000a\000t\000i\000o\000n\000s\000h\000i\000p\000\040\000w\000i\000t\000h\000\040\000t\000h\000e\000\040\000H\000e\000a\000d\000\040\000o\000f\000\040\000E\000c\000o\000n\000o\000m\000i\000c\000\040\000H\000o\000u\000s\000e\000h\000o\000l\000d\000\040\000\050\000T\000i\000t\000l\000e\000:\000\040\000R\000E\000L\000\051}{appendix.B}% 67
\BOOKMARK [3][-]{subsubsection.B.0.2}{\376\377\000G\000e\000n\000d\000e\000r\000\040\000R\000e\000l\000a\000t\000i\000o\000n\000s\000h\000i\000p\000\040\000w\000i\000t\000h\000\040\000t\000h\000e\000\040\000H\000e\000a\000d\000\040\000o\000f\000\040\000E\000c\000o\000n\000o\000m\000i\000c\000\040\000H\000o\000u\000s\000e\000h\000o\000l\000d\000\040\000\050\000T\000i\000t\000l\000e\000:\000\040\000S\000E\000X\000\051}{subsubsection.B.0.1}% 68
\BOOKMARK [3][-]{subsubsection.B.0.3}{\376\377\000E\000d\000u\000c\000a\000t\000i\000o\000n\000a\000l\000\040\000R\000e\000l\000a\000t\000i\000o\000n\000s\000h\000i\000p\000\040\000w\000i\000t\000h\000\040\000t\000h\000e\000\040\000H\000e\000a\000d\000\040\000o\000f\000\040\000E\000c\000o\000n\000o\000m\000i\000c\000\040\000H\000o\000u\000s\000e\000h\000o\000l\000d\000\040\000\050\000T\000i\000t\000l\000e\000:\000\040\000E\000D\000U\000\051}{subsubsection.B.0.1}% 69
\BOOKMARK [3][-]{subsubsection.B.0.4}{\376\377\000O\000c\000c\000u\000p\000a\000t\000i\000o\000n\000a\000l\000\040\000R\000e\000l\000a\000t\000i\000o\000n\000s\000h\000i\000p\000\040\000w\000i\000t\000h\000\040\000I\000n\000d\000u\000s\000t\000r\000y\000\040\000\050\000T\000i\000t\000l\000e\000:\000\040\000I\000N\000D\000\051}{subsubsection.B.0.1}% 70
\BOOKMARK [3][-]{subsubsection.B.0.5}{\376\377\000O\000c\000c\000u\000p\000a\000t\000i\000o\000n\000\040\000T\000y\000p\000e\000\040\000\050\000T\000i\000t\000l\000e\000:\000\040\000O\000C\000C\000\051}{subsubsection.B.0.1}% 71
\BOOKMARK [3][-]{subsubsection.B.0.6}{\376\377\000E\000m\000p\000l\000o\000y\000m\000e\000n\000t\000\040\000S\000t\000a\000t\000u\000s\000\040\000\050\000T\000i\000t\000l\000e\000:\000\040\000W\000K\000C\000L\000A\000S\000S\000\051}{subsubsection.B.0.1}% 72
\BOOKMARK [3][-]{subsubsection.B.0.7}{\376\377\000E\000m\000p\000l\000o\000y\000m\000e\000n\000t\000\040\000S\000t\000a\000t\000u\000s\000\040\000T\000y\000p\000e\000\040\000\050\000T\000i\000t\000l\000e\000:\000\040\000W\000O\000R\000K\000\051}{subsubsection.B.0.1}% 73
\BOOKMARK [3][-]{subsubsection.B.0.8}{\376\377\000I\000n\000c\000o\000m\000e\000\040\000R\000e\000c\000i\000p\000i\000e\000n\000t\000\040\000T\000y\000p\000e\000\040\000\050\000T\000i\000t\000l\000e\000:\000\040\000I\000M\000R\000\051}{subsubsection.B.0.1}% 74
\BOOKMARK [3][-]{subsubsection.B.0.9}{\376\377\000W\000o\000r\000k\000p\000l\000a\000c\000e\000\040\000\050\000T\000i\000t\000l\000e\000:\000\040\000W\000O\000R\000K\000P\000L\000A\000C\000E\000\051}{subsubsection.B.0.1}% 75
\BOOKMARK [3][-]{subsubsection.B.0.10}{\376\377\000M\000a\000r\000i\000t\000a\000l\000\040\000S\000t\000a\000t\000u\000s\000\040\000\050\000T\000i\000t\000l\000e\000:\000\040\000M\000R\000G\000\051}{subsubsection.B.0.1}% 76
