This is XeTeX, Version 3.141592653-2.6-0.999995 (MiKTeX 23.12) (preloaded format=xelatex 2023.12.29)  8 JAN 2024 18:40
entering extended mode
 restricted \write18 enabled.
 %&-line parsing enabled.
**./FinalProject.tex
(FinalProject.tex
LaTeX2e <2023-11-01>
L3 programming layer <2023-12-11>
(C:\Program Files\MiKTeX\tex/latex/base\article.cls
Document Class: article 2023/05/17 v1.4n Standard LaTeX document class
(C:\Program Files\MiKTeX\tex/latex/base\size10.clo
File: size10.clo 2023/05/17 v1.4n Standard LaTeX file (size option)
)
\c@part=\count183
\c@section=\count184
\c@subsection=\count185
\c@subsubsection=\count186
\c@paragraph=\count187
\c@subparagraph=\count188
\c@figure=\count189
\c@table=\count190
\abovecaptionskip=\skip48
\belowcaptionskip=\skip49
\bibindent=\dimen140
)
(C:\Program Files\MiKTeX\tex/latex/titling\titling.sty
Package: titling 2009/09/04 v2.1d maketitle typesetting
\thanksmarkwidth=\skip50
\thanksmargin=\skip51
\droptitle=\skip52
)
(C:\Program Files\MiKTeX\tex/latex/lipsum\lipsum.sty
(C:\Program Files\MiKTeX\tex/latex/l3packages/l3keys2e\l3keys2e.sty
(C:\Program Files\MiKTeX\tex/latex/l3kernel\expl3.sty
Package: expl3 2023-12-11 L3 programming layer (loader) 

(C:\Program Files\MiKTeX\tex/latex/l3backend\l3backend-xetex.def
File: l3backend-xetex.def 2023-11-09 L3 backend support: XeTeX
\g__graphics_track_int=\count191
\l__pdf_internal_box=\box51
\g__pdf_backend_object_int=\count192
\g__pdf_backend_annotation_int=\count193
\g__pdf_backend_link_int=\count194
))
Package: l3keys2e 2023-10-10 LaTeX2e option processing using LaTeX3 keys
)
Package: lipsum 2021-09-20 v2.7 150 paragraphs of Lorem Ipsum dummy text
\g__lipsum_par_int=\count195
\l__lipsum_a_int=\count196
\l__lipsum_b_int=\count197

(C:\Program Files\MiKTeX\tex/latex/lipsum\lipsum.ltd.tex))
(C:\Program Files\MiKTeX\tex/latex/hyperref\hyperref.sty
Package: hyperref 2023-11-26 v7.01g Hypertext links for LaTeX

(C:\Program Files\MiKTeX\tex/generic/iftex\iftex.sty
Package: iftex 2022/02/03 v1.0f TeX engine tests
)
(C:\Program Files\MiKTeX\tex/generic/infwarerr\infwarerr.sty
Package: infwarerr 2019/12/03 v1.5 Providing info/warning/error messages (HO)
)
(C:\Program Files\MiKTeX\tex/latex/graphics\keyval.sty
Package: keyval 2022/05/29 v1.15 key=value parser (DPC)
\KV@toks@=\toks17
)
(C:\Program Files\MiKTeX\tex/latex/kvsetkeys\kvsetkeys.sty
Package: kvsetkeys 2022-10-05 v1.19 Key value parser (HO)
)
(C:\Program Files\MiKTeX\tex/generic/kvdefinekeys\kvdefinekeys.sty
Package: kvdefinekeys 2019-12-19 v1.6 Define keys (HO)
)
(C:\Program Files\MiKTeX\tex/generic/pdfescape\pdfescape.sty
Package: pdfescape 2019/12/09 v1.15 Implements pdfTeX's escape features (HO)

(C:\Program Files\MiKTeX\tex/generic/ltxcmds\ltxcmds.sty
Package: ltxcmds 2023-12-04 v1.26 LaTeX kernel commands for general use (HO)
)
(C:\Program Files\MiKTeX\tex/generic/pdftexcmds\pdftexcmds.sty
Package: pdftexcmds 2020-06-27 v0.33 Utility functions of pdfTeX for LuaTeX (HO
)
Package pdftexcmds Info: \pdf@primitive is available.
Package pdftexcmds Info: \pdf@ifprimitive is available.
Package pdftexcmds Info: \pdfdraftmode not found.
))
(C:\Program Files\MiKTeX\tex/latex/hycolor\hycolor.sty
Package: hycolor 2020-01-27 v1.10 Color options for hyperref/bookmark (HO)
)
(C:\Program Files\MiKTeX\tex/latex/letltxmacro\letltxmacro.sty
Package: letltxmacro 2019/12/03 v1.6 Let assignment for LaTeX macros (HO)
)
(C:\Program Files\MiKTeX\tex/latex/auxhook\auxhook.sty
Package: auxhook 2019-12-17 v1.6 Hooks for auxiliary files (HO)
)
(C:\Program Files\MiKTeX\tex/latex/hyperref\nameref.sty
Package: nameref 2023-11-26 v2.56 Cross-referencing by name of section

(C:\Program Files\MiKTeX\tex/latex/refcount\refcount.sty
Package: refcount 2019/12/15 v3.6 Data extraction from label references (HO)
)
(C:\Program Files\MiKTeX\tex/generic/gettitlestring\gettitlestring.sty
Package: gettitlestring 2019/12/15 v1.6 Cleanup title references (HO)

(C:\Program Files\MiKTeX\tex/latex/kvoptions\kvoptions.sty
Package: kvoptions 2022-06-15 v3.15 Key value format for package options (HO)
))
\c@section@level=\count198
)
(C:\Program Files\MiKTeX\tex/latex/etoolbox\etoolbox.sty
Package: etoolbox 2020/10/05 v2.5k e-TeX tools for LaTeX (JAW)
\etb@tempcnta=\count199
)
\@linkdim=\dimen141
\Hy@linkcounter=\count266
\Hy@pagecounter=\count267

(C:\Program Files\MiKTeX\tex/latex/hyperref\pd1enc.def
File: pd1enc.def 2023-11-26 v7.01g Hyperref: PDFDocEncoding definition (HO)
)
(C:\Program Files\MiKTeX\tex/generic/intcalc\intcalc.sty
Package: intcalc 2019/12/15 v1.3 Expandable calculations with integers (HO)
)
\Hy@SavedSpaceFactor=\count268

(C:\Program Files\MiKTeX\tex/latex/hyperref\puenc.def
File: puenc.def 2023-11-26 v7.01g Hyperref: PDF Unicode definition (HO)
)
Package hyperref Info: Hyper figures OFF on input line 4181.
Package hyperref Info: Link nesting OFF on input line 4186.
Package hyperref Info: Hyper index ON on input line 4189.
Package hyperref Info: Plain pages OFF on input line 4196.
Package hyperref Info: Backreferencing OFF on input line 4201.
Package hyperref Info: Implicit mode ON; LaTeX internals redefined.
Package hyperref Info: Bookmarks ON on input line 4448.
\c@Hy@tempcnt=\count269

(C:\Program Files\MiKTeX\tex/latex/url\url.sty
\Urlmuskip=\muskip16
Package: url 2013/09/16  ver 3.4  Verb mode for urls, etc.
)
LaTeX Info: Redefining \url on input line 4786.
\XeTeXLinkMargin=\dimen142

(C:\Program Files\MiKTeX\tex/generic/bitset\bitset.sty
Package: bitset 2019/12/09 v1.3 Handle bit-vector datatype (HO)

(C:\Program Files\MiKTeX\tex/generic/bigintcalc\bigintcalc.sty
Package: bigintcalc 2019/12/15 v1.5 Expandable calculations on big integers (HO
)
))
\Fld@menulength=\count270
\Field@Width=\dimen143
\Fld@charsize=\dimen144
Package hyperref Info: Hyper figures OFF on input line 6065.
Package hyperref Info: Link nesting OFF on input line 6070.
Package hyperref Info: Hyper index ON on input line 6073.
Package hyperref Info: backreferencing OFF on input line 6080.
Package hyperref Info: Link coloring OFF on input line 6085.
Package hyperref Info: Link coloring with OCG OFF on input line 6090.
Package hyperref Info: PDF/A mode OFF on input line 6095.

(C:\Program Files\MiKTeX\tex/latex/base\atbegshi-ltx.sty
Package: atbegshi-ltx 2021/01/10 v1.0c Emulation of the original atbegshi
package with kernel methods
)
\Hy@abspage=\count271
\c@Item=\count272
\c@Hfootnote=\count273
)
Package hyperref Info: Driver (autodetected): hxetex.

(C:\Program Files\MiKTeX\tex/latex/hyperref\hxetex.def
File: hxetex.def 2023-11-26 v7.01g Hyperref driver for XeTeX

(C:\Program Files\MiKTeX\tex/generic/stringenc\stringenc.sty
Package: stringenc 2019/11/29 v1.12 Convert strings between diff. encodings (HO
)
)
\pdfm@box=\box52
\c@Hy@AnnotLevel=\count274
\HyField@AnnotCount=\count275
\Fld@listcount=\count276
\c@bookmark@seq@number=\count277

(C:\Program Files\MiKTeX\tex/latex/rerunfilecheck\rerunfilecheck.sty
Package: rerunfilecheck 2022-07-10 v1.10 Rerun checks for auxiliary files (HO)

(C:\Program Files\MiKTeX\tex/latex/base\atveryend-ltx.sty
Package: atveryend-ltx 2020/08/19 v1.0a Emulation of the original atveryend pac
kage
with kernel methods
)
(C:\Program Files\MiKTeX\tex/generic/uniquecounter\uniquecounter.sty
Package: uniquecounter 2019/12/15 v1.4 Provide unlimited unique counter (HO)
)
Package uniquecounter Info: New unique counter `rerunfilecheck' on input line 2
85.
)
\Hy@SectionHShift=\skip53
)
(C:\Program Files\MiKTeX\tex/latex/tools\indentfirst.sty
Package: indentfirst 2023/07/02 v1.03 Indent first paragraph (DPC)
)
(C:\Program Files\MiKTeX\tex/latex/graphics\graphicx.sty
Package: graphicx 2021/09/16 v1.2d Enhanced LaTeX Graphics (DPC,SPQR)

(C:\Program Files\MiKTeX\tex/latex/graphics\graphics.sty
Package: graphics 2022/03/10 v1.4e Standard LaTeX Graphics (DPC,SPQR)

(C:\Program Files\MiKTeX\tex/latex/graphics\trig.sty
Package: trig 2021/08/11 v1.11 sin cos tan (DPC)
)
(C:\Program Files\MiKTeX\tex/latex/graphics-cfg\graphics.cfg
File: graphics.cfg 2016/06/04 v1.11 sample graphics configuration
)
Package graphics Info: Driver file: xetex.def on input line 107.

(C:\Program Files\MiKTeX\tex/latex/graphics-def\xetex.def
File: xetex.def 2022/09/22 v5.0n Graphics/color driver for xetex
))
\Gin@req@height=\dimen145
\Gin@req@width=\dimen146
)
(C:\Program Files\MiKTeX\tex/latex/float\float.sty
Package: float 2001/11/08 v1.3d Float enhancements (AL)
\c@float@type=\count278
\float@exts=\toks18
\float@box=\box53
\@float@everytoks=\toks19
\@floatcapt=\box54
)
(C:\Program Files\MiKTeX\tex/latex/amsmath\amsmath.sty
Package: amsmath 2023/05/13 v2.17o AMS math features
\@mathmargin=\skip54

For additional information on amsmath, use the `?' option.
(C:\Program Files\MiKTeX\tex/latex/amsmath\amstext.sty
Package: amstext 2021/08/26 v2.01 AMS text

(C:\Program Files\MiKTeX\tex/latex/amsmath\amsgen.sty
File: amsgen.sty 1999/11/30 v2.0 generic functions
\@emptytoks=\toks20
\ex@=\dimen147
))
(C:\Program Files\MiKTeX\tex/latex/amsmath\amsbsy.sty
Package: amsbsy 1999/11/29 v1.2d Bold Symbols
\pmbraise@=\dimen148
)
(C:\Program Files\MiKTeX\tex/latex/amsmath\amsopn.sty
Package: amsopn 2022/04/08 v2.04 operator names
)
\inf@bad=\count279
LaTeX Info: Redefining \frac on input line 234.
\uproot@=\count280
\leftroot@=\count281
LaTeX Info: Redefining \overline on input line 399.
LaTeX Info: Redefining \colon on input line 410.
\classnum@=\count282
\DOTSCASE@=\count283
LaTeX Info: Redefining \ldots on input line 496.
LaTeX Info: Redefining \dots on input line 499.
LaTeX Info: Redefining \cdots on input line 620.
\Mathstrutbox@=\box55
\strutbox@=\box56
LaTeX Info: Redefining \big on input line 722.
LaTeX Info: Redefining \Big on input line 723.
LaTeX Info: Redefining \bigg on input line 724.
LaTeX Info: Redefining \Bigg on input line 725.
\big@size=\dimen149
LaTeX Font Info:    Redeclaring font encoding OML on input line 743.
LaTeX Font Info:    Redeclaring font encoding OMS on input line 744.
\macc@depth=\count284
LaTeX Info: Redefining \bmod on input line 905.
LaTeX Info: Redefining \pmod on input line 910.
LaTeX Info: Redefining \smash on input line 940.
LaTeX Info: Redefining \relbar on input line 970.
LaTeX Info: Redefining \Relbar on input line 971.
\c@MaxMatrixCols=\count285
\dotsspace@=\muskip17
\c@parentequation=\count286
\dspbrk@lvl=\count287
\tag@help=\toks21
\row@=\count288
\column@=\count289
\maxfields@=\count290
\andhelp@=\toks22
\eqnshift@=\dimen150
\alignsep@=\dimen151
\tagshift@=\dimen152
\tagwidth@=\dimen153
\totwidth@=\dimen154
\lineht@=\dimen155
\@envbody=\toks23
\multlinegap=\skip55
\multlinetaggap=\skip56
\mathdisplay@stack=\toks24
LaTeX Info: Redefining \[ on input line 2953.
LaTeX Info: Redefining \] on input line 2954.
)
(C:\Program Files\MiKTeX\tex/latex/mathtools\mathtools.sty
Package: mathtools 2022/06/29 v1.29 mathematical typesetting tools

(C:\Program Files\MiKTeX\tex/latex/tools\calc.sty
Package: calc 2023/07/08 v4.3 Infix arithmetic (KKT,FJ)
\calc@Acount=\count291
\calc@Bcount=\count292
\calc@Adimen=\dimen156
\calc@Bdimen=\dimen157
\calc@Askip=\skip57
\calc@Bskip=\skip58
LaTeX Info: Redefining \setlength on input line 80.
LaTeX Info: Redefining \addtolength on input line 81.
\calc@Ccount=\count293
\calc@Cskip=\skip59
)
(C:\Program Files\MiKTeX\tex/latex/mathtools\mhsetup.sty
Package: mhsetup 2021/03/18 v1.4 programming setup (MH)
)
\g_MT_multlinerow_int=\count294
\l_MT_multwidth_dim=\dimen158
\origjot=\skip60
\l_MT_shortvdotswithinadjustabove_dim=\dimen159
\l_MT_shortvdotswithinadjustbelow_dim=\dimen160
\l_MT_above_intertext_sep=\dimen161
\l_MT_below_intertext_sep=\dimen162
\l_MT_above_shortintertext_sep=\dimen163
\l_MT_below_shortintertext_sep=\dimen164
\xmathstrut@box=\box57
\xmathstrut@dim=\dimen165
)
(C:\Program Files\MiKTeX\tex/latex/booktabs\booktabs.sty
Package: booktabs 2020/01/12 v1.61803398 Publication quality tables
\heavyrulewidth=\dimen166
\lightrulewidth=\dimen167
\cmidrulewidth=\dimen168
\belowrulesep=\dimen169
\belowbottomsep=\dimen170
\aboverulesep=\dimen171
\abovetopsep=\dimen172
\cmidrulesep=\dimen173
\cmidrulekern=\dimen174
\defaultaddspace=\dimen175
\@cmidla=\count295
\@cmidlb=\count296
\@aboverulesep=\dimen176
\@belowrulesep=\dimen177
\@thisruleclass=\count297
\@lastruleclass=\count298
\@thisrulewidth=\dimen178
)
(C:\Program Files\MiKTeX\tex/latex/tools\tabularx.sty
Package: tabularx 2023/07/08 v2.11c `tabularx' package (DPC)

(C:\Program Files\MiKTeX\tex/latex/tools\array.sty
Package: array 2023/10/16 v2.5g Tabular extension package (FMi)
\col@sep=\dimen179
\ar@mcellbox=\box58
\extrarowheight=\dimen180
\NC@list=\toks25
\extratabsurround=\skip61
\backup@length=\skip62
\ar@cellbox=\box59
)
\TX@col@width=\dimen181
\TX@old@table=\dimen182
\TX@old@col=\dimen183
\TX@target=\dimen184
\TX@delta=\dimen185
\TX@cols=\count299
\TX@ftn=\toks26
)
(C:\Program Files\MiKTeX\tex/latex/siunitx\siunitx.sty
Package: siunitx 2023-11-14 v3.3.9 A comprehensive (SI) units package
\l__siunitx_number_uncert_offset_int=\count300
\l__siunitx_number_exponent_fixed_int=\count301
\l__siunitx_number_min_decimal_int=\count302
\l__siunitx_number_min_integer_int=\count303
\l__siunitx_number_round_precision_int=\count304
\l__siunitx_number_lower_threshold_int=\count305
\l__siunitx_number_upper_threshold_int=\count306
\l__siunitx_number_group_first_int=\count307
\l__siunitx_number_group_size_int=\count308
\l__siunitx_number_group_minimum_int=\count309
\l__siunitx_angle_tmp_dim=\dimen186
\l__siunitx_angle_marker_box=\box60
\l__siunitx_angle_unit_box=\box61
\l__siunitx_compound_count_int=\count310

(C:\Program Files\MiKTeX\tex/latex/translations\translations.sty
Package: translations 2022/02/05 v1.12 internationalization of LaTeX2e packages
 (CN)
)
\l__siunitx_table_tmp_box=\box62
\l__siunitx_table_tmp_dim=\dimen187
\l__siunitx_table_column_width_dim=\dimen188
\l__siunitx_table_integer_box=\box63
\l__siunitx_table_decimal_box=\box64
\l__siunitx_table_uncert_box=\box65
\l__siunitx_table_before_box=\box66
\l__siunitx_table_after_box=\box67
\l__siunitx_table_before_dim=\dimen189
\l__siunitx_table_carry_dim=\dimen190
\l__siunitx_unit_tmp_int=\count311
\l__siunitx_unit_position_int=\count312
\l__siunitx_unit_total_int=\count313
)
(C:\Program Files\MiKTeX\tex/latex/geometry\geometry.sty
Package: geometry 2020/01/02 v5.9 Page Geometry

(C:\Program Files\MiKTeX\tex/generic/iftex\ifvtex.sty
Package: ifvtex 2019/10/25 v1.7 ifvtex legacy package. Use iftex instead.
)
\Gm@cnth=\count314
\Gm@cntv=\count315
\c@Gm@tempcnt=\count316
\Gm@bindingoffset=\dimen191
\Gm@wd@mp=\dimen192
\Gm@odd@mp=\dimen193
\Gm@even@mp=\dimen194
\Gm@layoutwidth=\dimen195
\Gm@layoutheight=\dimen196
\Gm@layouthoffset=\dimen197
\Gm@layoutvoffset=\dimen198
\Gm@dimlist=\toks27

(C:\Program Files\MiKTeX\tex/latex/geometry\geometry.cfg))
(C:\Program Files\MiKTeX\tex/latex/enumitem\enumitem.sty
Package: enumitem 2019/06/20 v3.9 Customized lists
\labelindent=\skip63
\enit@outerparindent=\dimen199
\enit@toks=\toks28
\enit@inbox=\box68
\enit@count@id=\count317
\enitdp@description=\count318
)
(C:\Program Files\MiKTeX\tex/latex/biblatex\biblatex.sty
Package: biblatex 2023/03/05 v3.19 programmable bibliographies (PK/MW)

(C:\Program Files\MiKTeX\tex/latex/logreq\logreq.sty
Package: logreq 2010/08/04 v1.0 xml request logger
\lrq@indent=\count319

(C:\Program Files\MiKTeX\tex/latex/logreq\logreq.def
File: logreq.def 2010/08/04 v1.0 logreq spec v1.0
))
(C:\Program Files\MiKTeX\tex/latex/base\ifthen.sty
Package: ifthen 2022/04/13 v1.1d Standard LaTeX ifthen package (DPC)
)
\c@tabx@nest=\count320
\c@listtotal=\count321
\c@listcount=\count322
\c@liststart=\count323
\c@liststop=\count324
\c@citecount=\count325
\c@citetotal=\count326
\c@multicitecount=\count327
\c@multicitetotal=\count328
\c@instcount=\count329
\c@maxnames=\count330
\c@minnames=\count331
\c@maxitems=\count332
\c@minitems=\count333
\c@citecounter=\count334
\c@maxcitecounter=\count335
\c@savedcitecounter=\count336
\c@uniquelist=\count337
\c@uniquename=\count338
\c@refsection=\count339
\c@refsegment=\count340
\c@maxextratitle=\count341
\c@maxextratitleyear=\count342
\c@maxextraname=\count343
\c@maxextradate=\count344
\c@maxextraalpha=\count345
\c@abbrvpenalty=\count346
\c@highnamepenalty=\count347
\c@lownamepenalty=\count348
\c@maxparens=\count349
\c@parenlevel=\count350
\blx@tempcnta=\count351
\blx@tempcntb=\count352
\blx@tempcntc=\count353
\c@blx@maxsection=\count354
\blx@maxsegment@0=\count355
\blx@notetype=\count356
\blx@parenlevel@text=\count357
\blx@parenlevel@foot=\count358
\blx@sectionciteorder@0=\count359
\blx@sectionciteorderinternal@0=\count360
\blx@entrysetcounter=\count361
\blx@biblioinstance=\count362
\labelnumberwidth=\skip64
\labelalphawidth=\skip65
\biblabelsep=\skip66
\bibitemsep=\skip67
\bibnamesep=\skip68
\bibinitsep=\skip69
\bibparsep=\skip70
\bibhang=\skip71
\blx@bcfin=\read2
\blx@bcfout=\write3
\blx@langwohyphens=\language79
\c@mincomprange=\count363
\c@maxcomprange=\count364
\c@mincompwidth=\count365
Package biblatex Info: Trying to load biblatex default data model...
Package biblatex Info: ... file 'blx-dm.def' found.

(C:\Program Files\MiKTeX\tex/latex/biblatex\blx-dm.def
File: blx-dm.def 2023/03/05 v3.19 biblatex localization (PK/MW)
)
Package biblatex Info: Trying to load biblatex style data model...
Package biblatex Info: ... file 'authoryear.dbx' not found.
Package biblatex Info: Trying to load biblatex custom data model...
Package biblatex Info: ... file 'biblatex-dm.cfg' not found.
\c@afterword=\count366
\c@savedafterword=\count367
\c@annotator=\count368
\c@savedannotator=\count369
\c@author=\count370
\c@savedauthor=\count371
\c@bookauthor=\count372
\c@savedbookauthor=\count373
\c@commentator=\count374
\c@savedcommentator=\count375
\c@editor=\count376
\c@savededitor=\count377
\c@editora=\count378
\c@savededitora=\count379
\c@editorb=\count380
\c@savededitorb=\count381
\c@editorc=\count382
\c@savededitorc=\count383
\c@foreword=\count384
\c@savedforeword=\count385
\c@holder=\count386
\c@savedholder=\count387
\c@introduction=\count388
\c@savedintroduction=\count389
\c@namea=\count390
\c@savednamea=\count391
\c@nameb=\count392
\c@savednameb=\count393
\c@namec=\count394
\c@savednamec=\count395
\c@translator=\count396
\c@savedtranslator=\count397
\c@shortauthor=\count398
\c@savedshortauthor=\count399
\c@shorteditor=\count400
\c@savedshorteditor=\count401
\c@labelname=\count402
\c@savedlabelname=\count403
\c@institution=\count404
\c@savedinstitution=\count405
\c@lista=\count406
\c@savedlista=\count407
\c@listb=\count408
\c@savedlistb=\count409
\c@listc=\count410
\c@savedlistc=\count411
\c@listd=\count412
\c@savedlistd=\count413
\c@liste=\count414
\c@savedliste=\count415
\c@listf=\count416
\c@savedlistf=\count417
\c@location=\count418
\c@savedlocation=\count419
\c@organization=\count420
\c@savedorganization=\count421
\c@origlocation=\count422
\c@savedoriglocation=\count423
\c@origpublisher=\count424
\c@savedorigpublisher=\count425
\c@publisher=\count426
\c@savedpublisher=\count427
\c@language=\count428
\c@savedlanguage=\count429
\c@origlanguage=\count430
\c@savedoriglanguage=\count431
\c@pageref=\count432
\c@savedpageref=\count433
\shorthandwidth=\skip72
\shortjournalwidth=\skip73
\shortserieswidth=\skip74
\shorttitlewidth=\skip75
\shortauthorwidth=\skip76
\shorteditorwidth=\skip77
\locallabelnumberwidth=\skip78
\locallabelalphawidth=\skip79
\localshorthandwidth=\skip80
\localshortjournalwidth=\skip81
\localshortserieswidth=\skip82
\localshorttitlewidth=\skip83
\localshortauthorwidth=\skip84
\localshorteditorwidth=\skip85
Package biblatex Info: Trying to load enhanced support for Unicode engines...
Package biblatex Info: ... file 'blx-unicode.def' found.

(C:\Program Files\MiKTeX\tex/latex/biblatex\blx-unicode.def)
Package biblatex Info: Trying to load compatibility code...
Package biblatex Info: ... file 'blx-compat.def' found.

(C:\Program Files\MiKTeX\tex/latex/biblatex\blx-compat.def
File: blx-compat.def 2023/03/05 v3.19 biblatex compatibility (PK/MW)
)
Package biblatex Info: Trying to load BibTeX backend compatibility...
Package biblatex Info: ... file 'blx-bibtex.def' found.

(C:\Program Files\MiKTeX\tex/latex/biblatex\blx-bibtex.def
File: blx-bibtex.def 2023/03/05 v3.19 biblatex compatibility (PK/MW)


Package biblatex Warning: Using fall-back bibtex backend:
(biblatex)                functionality may be reduced/unavailable.

)
Package biblatex Info: Trying to load generic definitions...
Package biblatex Info: ... file 'biblatex.def' found.
 (C:\Program Files\MiKTeX\tex/latex/biblatex\biblatex.def
File: biblatex.def 2023/03/05 v3.19 biblatex compatibility (PK/MW)
\c@textcitecount=\count434
\c@textcitetotal=\count435
\c@textcitemaxnames=\count436
\c@biburlbigbreakpenalty=\count437
\c@biburlbreakpenalty=\count438
\c@biburlnumpenalty=\count439
\c@biburlucpenalty=\count440
\c@biburllcpenalty=\count441
\biburlbigskip=\muskip18
\biburlnumskip=\muskip19
\biburlucskip=\muskip20
\biburllcskip=\muskip21
\c@smartand=\count442
)
Package biblatex Info: Trying to load bibliography style 'authoryear'...
Package biblatex Info: ... file 'authoryear.bbx' found.

(C:\Program Files\MiKTeX\tex/latex/biblatex/bbx\authoryear.bbx
File: authoryear.bbx 2023/03/05 v3.19 biblatex bibliography style (PK/MW)
Package biblatex Info: Trying to load bibliography style 'standard'...
Package biblatex Info: ... file 'standard.bbx' found.

(C:\Program Files\MiKTeX\tex/latex/biblatex/bbx\standard.bbx
File: standard.bbx 2023/03/05 v3.19 biblatex bibliography style (PK/MW)
\c@bbx:relatedcount=\count443
\c@bbx:relatedtotal=\count444
))
Package biblatex Info: Trying to load citation style 'authoryear'...
Package biblatex Info: ... file 'authoryear.cbx' found.

(C:\Program Files\MiKTeX\tex/latex/biblatex/cbx\authoryear.cbx
File: authoryear.cbx 2023/03/05 v3.19 biblatex citation style (PK/MW)
Package biblatex Info: Redefining '\cite'.
Package biblatex Info: Redefining '\parencite'.
Package biblatex Info: Redefining '\footcite'.
Package biblatex Info: Redefining '\footcitetext'.
Package biblatex Info: Redefining '\smartcite'.
Package biblatex Info: Redefining '\textcite'.
Package biblatex Info: Redefining '\textcites'.
)
Package biblatex Info: Trying to load configuration file...
Package biblatex Info: ... file 'biblatex.cfg' found.

(C:\Program Files\MiKTeX\tex/latex/biblatex\biblatex.cfg
File: biblatex.cfg 
)
Package biblatex Info: XeTeX detected.
(biblatex)             Assuming input encoding 'utf8'.
Package biblatex Info: Document encoding is UTF8 ....
Package biblatex Info: ... and expl3
(biblatex)             2023-12-11 L3 programming layer (loader) 
(biblatex)             is new enough (at least 2020/04/06),
(biblatex)             setting 'casechanger=expl3'.

(C:\Program Files\MiKTeX\tex/latex/biblatex\blx-case-expl3.sty
(C:\Program Files\MiKTeX\tex/latex/l3packages/xparse\xparse.sty
Package: xparse 2023-10-10 L3 Experimental document command parser
)
Package: blx-case-expl3 2023/03/05 v3.19 expl3 case changing code for biblatex
))
Package translations Info: No language package found. I am going to use `englis
h' as default language. on input line 32.
\@quotelevel=\count445
\@quotereset=\count446

(FinalProject.aux

LaTeX Warning: Label `Fig.svm_loss' multiply defined.


LaTeX Warning: Label `Fig.svm_loss' multiply defined.


LaTeX Warning: Label `Fig.svm_loss' multiply defined.

)
\openout1 = `FinalProject.aux'.

LaTeX Font Info:    Checking defaults for OML/cmm/m/it on input line 32.
LaTeX Font Info:    ... okay on input line 32.
LaTeX Font Info:    Checking defaults for OMS/cmsy/m/n on input line 32.
LaTeX Font Info:    ... okay on input line 32.
LaTeX Font Info:    Checking defaults for OT1/cmr/m/n on input line 32.
LaTeX Font Info:    ... okay on input line 32.
LaTeX Font Info:    Checking defaults for T1/cmr/m/n on input line 32.
LaTeX Font Info:    ... okay on input line 32.
LaTeX Font Info:    Checking defaults for TS1/cmr/m/n on input line 32.
LaTeX Font Info:    Trying to load font information for TS1+cmr on input line 3
2.
 (C:\Program Files\MiKTeX\tex/latex/base\ts1cmr.fd
File: ts1cmr.fd 2023/04/13 v2.5m Standard LaTeX font definitions
)
LaTeX Font Info:    ... okay on input line 32.
LaTeX Font Info:    Checking defaults for TU/lmr/m/n on input line 32.
LaTeX Font Info:    ... okay on input line 32.
LaTeX Font Info:    Checking defaults for OMX/cmex/m/n on input line 32.
LaTeX Font Info:    ... okay on input line 32.
LaTeX Font Info:    Checking defaults for U/cmr/m/n on input line 32.
LaTeX Font Info:    ... okay on input line 32.
LaTeX Font Info:    Checking defaults for PD1/pdf/m/n on input line 32.
LaTeX Font Info:    ... okay on input line 32.
LaTeX Font Info:    Checking defaults for PU/pdf/m/n on input line 32.
LaTeX Font Info:    ... okay on input line 32.
Package hyperref Info: Link coloring OFF on input line 32.
 (FinalProject.out)
(FinalProject.out)
\@outlinefile=\write4
\openout4 = `FinalProject.out'.

 (C:\Program Files\MiKTeX\tex/latex/graphics\color.sty
Package: color 2022/01/06 v1.3d Standard LaTeX Color (DPC)

(C:\Program Files\MiKTeX\tex/latex/graphics-cfg\color.cfg
File: color.cfg 2016/01/02 v1.6 sample color configuration
)
Package color Info: Driver file: xetex.def on input line 149.

(C:\Program Files\MiKTeX\tex/latex/graphics\mathcolor.ltx))
(C:\Program Files\MiKTeX\tex/latex/translations/dicts\translations-basic-dictio
nary-english.trsl
File: translations-basic-dictionary-english.trsl (english translation file `tra
nslations-basic-dictionary')
)
Package translations Info: loading dictionary `translations-basic-dictionary' f
or `english'. on input line 32.

*geometry* driver: auto-detecting
*geometry* detected driver: xetex
*geometry* verbose mode - [ preamble ] result:
* driver: xetex
* paper: <default>
* layout: <same size as paper>
* layoutoffset:(h,v)=(0.0pt,0.0pt)
* modes: 
* h-part:(L,W,R)=(92.14519pt, 430.00462pt, 92.14519pt)
* v-part:(T,H,B)=(95.39737pt, 556.47656pt, 143.09605pt)
* \paperwidth=614.295pt
* \paperheight=794.96999pt
* \textwidth=430.00462pt
* \textheight=556.47656pt
* \oddsidemargin=19.8752pt
* \evensidemargin=19.8752pt
* \topmargin=-13.87262pt
* \headheight=12.0pt
* \headsep=25.0pt
* \topskip=10.0pt
* \footskip=30.0pt
* \marginparwidth=4.0pt
* \marginparsep=10.0pt
* \columnsep=10.0pt
* \skip\footins=9.0pt plus 4.0pt minus 2.0pt
* \hoffset=0.0pt
* \voffset=0.0pt
* \mag=1000
* \@twocolumntrue
* \@twosidefalse
* \@mparswitchfalse
* \@reversemarginfalse
* (1in=72.27pt=25.4mm, 1cm=28.453pt)

Package biblatex Info: Trying to load language 'english'...
Package biblatex Info: ... file 'english.lbx' found.
(C:\Program Files\MiKTeX\tex/latex/biblatex/lbx\english.lbx
File: english.lbx 2023/03/05 v3.19 biblatex localization (PK/MW)
)
Package biblatex Info: XeTeX detected.
(biblatex)             Assuming input encoding 'utf8'.
Package biblatex Info: Automatic encoding selection.
(biblatex)             Assuming data encoding 'utf8'.
Package biblatex Info: XeTeX detected.
(biblatex)             Assuming input encoding 'utf8'.
Package biblatex Info: Data encoding 'utf8' specified.
(biblatex)             No need to reencode data.
\openout3 = `FinalProject-blx.bib'.

Package biblatex Info: Trying to load bibliographic data...
Package biblatex Info: ... file 'FinalProject.bbl' not found.

No file FinalProject.bbl.
Package biblatex Info: Reference section=0 on input line 32.
Package biblatex Info: Reference segment=0 on input line 32.
[1


]
Underfull \vbox (badness 10000) has occurred while \output is active []

 [1

]
Underfull \hbox (badness 10000) in paragraph at lines 63--63
[]\TU/lmr/bx/n/10 Filtering ’REL’ and ’WORK-
 []


Underfull \hbox (badness 1365) in paragraph at lines 66--66
[]\TU/lmr/bx/n/10 Standardization of ’ITM40’ Col-
 []


Underfull \hbox (badness 5022) in paragraph at lines 73--74
[]\TU/lmr/m/n/10 The preprocessed dataset, denoted as
 []

[2]
File: YEAR.png Graphic file (type bmp)
<YEAR.png>
File: REL.png Graphic file (type bmp)
<REL.png>
File: SEX.png Graphic file (type bmp)
<SEX.png>
File: AGE.png Graphic file (type bmp)
<AGE.png>
 [3]
File: EDU.png Graphic file (type bmp)
<EDU.png>

Underfull \vbox (badness 10000) has occurred while \output is active []

File: IND.png Graphic file (type bmp)
<IND.png>
File: OCC.png Graphic file (type bmp)
<OCC.png>

Underfull \vbox (badness 7796) has occurred while \output is active []

 [4]
File: WKCLASS.png Graphic file (type bmp)
<WKCLASS.png>

Underfull \vbox (badness 10000) has occurred while \output is active []

File: WORK.png Graphic file (type bmp)
<WORK.png>
File: WORKPLACE.png Graphic file (type bmp)
<WORKPLACE.png>
 [5]
File: MRG.png Graphic file (type bmp)
<MRG.png>
File: PT.png Graphic file (type bmp)
<PT.png>

[6]
Underfull \hbox (badness 2042) in paragraph at lines 219--220
[]\TU/lmr/m/n/10 The uniqueness of the Extremely Tree
 []

[7]
Underfull \hbox (badness 2452) in paragraph at lines 250--251
\TU/lmr/m/n/10 distinctive strength lies in its optimization
 []

[8] [9]
Underfull \hbox (badness 3884) in paragraph at lines 323--324
[]\TU/lmr/m/n/10 Linear Regression, a fundamental and
 []


Underfull \hbox (badness 2189) in paragraph at lines 329--330
\OML/cmm/m/it/10 X[]; X[]; [] ; X[]$ \TU/lmr/m/n/10 are the input features, and

 []

[10]
Overfull \hbox (41.45222pt too wide) detected at line 364
\OML/cmm/m/it/10 L[]\OT1/cmr/m/n/10 (\OML/cmm/m/it/10 y; f\OT1/cmr/m/n/10 (\OML
/cmm/m/it/10 X\OT1/cmr/m/n/10 )) = []
 []

[11] [12]
Underfull \hbox (badness 10000) in paragraph at lines 433--434
[]\TU/lmr/m/n/10 Applications of Bayesian Ridge are
 []

[13]
Overfull \hbox (7.91676pt too wide) detected at line 442
[] [] \OML/cmm/m/it/10 ;
 []

[14]
Underfull \hbox (badness 10000) in paragraph at lines 485--486
[]\TU/lmr/m/n/10 Applications of PLS Regression are
 []


Underfull \hbox (badness 1383) in paragraph at lines 485--486
\TU/lmr/m/n/10 widespread, ranging from chemometrics and
 []

[15] [16]
Underfull \hbox (badness 3668) in paragraph at lines 537--538
[]\TU/lmr/m/n/10 The Hist Gradient Boosting Regressor
 []

[17] [18]
Underfull \hbox (badness 3735) in paragraph at lines 590--591
[]\TU/lmr/m/n/10 XGBoost, short for eXtreme Gradient
 []


Underfull \hbox (badness 4168) in paragraph at lines 613--614
[]\TU/lmr/m/n/10 LightGBM’s unique features include a
 []

[19]
Underfull \hbox (badness 10000) in paragraph at lines 617--618
[]\TU/lmr/m/n/10 In summary, LightGBM’s distinctive
 []


Underfull \hbox (badness 4242) in paragraph at lines 620--621
[]\TU/lmr/m/n/10 CatBoost, a high-performance gradient
 []


Underfull \hbox (badness 10000) in paragraph at lines 632--633
[]\TU/lmr/m/n/10 In summary, CatBoost’s distinctive
 []


Underfull \hbox (badness 2409) in paragraph at lines 632--633
\TU/lmr/m/n/10 robustness against overfitting, making it a
 []


Underfull \hbox (badness 1072) in paragraph at lines 632--633
\TU/lmr/m/n/10 work for a wide range of machine learning
 []


Overfull \hbox (49.52628pt too wide) in paragraph at lines 641--649
 [][] 
 []


Overfull \hbox (25.95238pt too wide) in paragraph at lines 654--661
 [][] 
 []


Overfull \hbox (49.52628pt too wide) in paragraph at lines 666--674
 [][] 
 []

[20]
File: svm_mse.png Graphic file (type bmp)
<svm_mse.png>
File: svm_loss.png Graphic file (type bmp)
<svm_loss.png>
File: tradition_mae.png Graphic file (type bmp)
<tradition_mae.png>
File: tradition_loss.png Graphic file (type bmp)
<tradition_loss.png>
 [21]
File: ensemble_mse.png Graphic file (type bmp)
<ensemble_mse.png>
File: ensemble_mse_loss_wi.png Graphic file (type bmp)
<ensemble_mse_loss_wi.png>

Underfull \vbox (badness 10000) has occurred while \output is active []

File: ensemble_mse_loss_wh.png Graphic file (type bmp)
<ensemble_mse_loss_wh.png>
 [22]

Package siunitx Info: Option "scientific-notation = true" has been deprecated
(siunitx)             in this release.
(siunitx)             
(siunitx)             Use "exponent-mode = scientific" as a replacement.


Package siunitx Info: Option "separate-uncertainty" has been deprecated in
(siunitx)             this release.
(siunitx)             
(siunitx)             Use "uncertainty-mode = separate" as a replacement.


Overfull \hbox (19.12148pt too wide) in alignment at lines 762--762
[][][] 
 []


Overfull \hbox (19.12148pt too wide) in alignment at lines 773--773
[][][] 
 []

File: mse_with_onehot.png Graphic file (type bmp)
<mse_with_onehot.png>
[23]
Underfull \hbox (badness 2027) in paragraph at lines 795--796
[]\TU/lmr/bx/n/10 Multilayer Perceptron (MLPRe-
 []


Underfull \hbox (badness 10000) in paragraph at lines 800--801
[]\TU/lmr/bx/n/10 CatBoostRegressor, LGBMRe-
 []


Underfull \hbox (badness 2012) in paragraph at lines 800--801
\TU/lmr/bx/n/10 BoostingRegressor: \TU/lmr/m/n/10 These models
 []


Underfull \hbox (badness 1383) in paragraph at lines 805--806
[]\TU/lmr/bx/n/10 RandomForestRegressor, Baggin-
 []


Underfull \hbox (badness 7796) in paragraph at lines 810--811
[]\TU/lmr/bx/n/10 BayesianRidge, ARDRegression,
 []


Underfull \hbox (badness 10000) in paragraph at lines 810--811
\TU/lmr/bx/n/10 SGDRegressor, TheilSenRegres-
 []


Underfull \hbox (badness 10000) in paragraph at lines 810--811
\TU/lmr/bx/n/10 sor, LinearSVR, WeightKNN,
 []


Underfull \hbox (badness 10000) in paragraph at lines 810--811
\TU/lmr/bx/n/10 LinearRegression, RANSACRe-
 []


Underfull \hbox (badness 1430) in paragraph at lines 810--811
\TU/lmr/m/n/10 linear relationships between features,
 []


Underfull \hbox (badness 2799) in paragraph at lines 815--816
[]\TU/lmr/bx/n/10 HuberRegressor, PLSRegression,
 []


Underfull \hbox (badness 10000) in paragraph at lines 815--816
\TU/lmr/bx/n/10 TweedieRegressor, Decision-
 []


Underfull \hbox (badness 2197) in paragraph at lines 815--816
\TU/lmr/bx/n/10 TreeRegressor, ExtraTreeRegres-
 []


Underfull \hbox (badness 6608) in paragraph at lines 815--816
\TU/lmr/bx/n/10 sor, PassiveAggressiveRegressor,
 []


Underfull \hbox (badness 2932) in paragraph at lines 815--816
\TU/lmr/bx/n/10 ElasticNet, SVR, NuSVR, Ad-
 []


Underfull \hbox (badness 10000) in paragraph at lines 815--816
\TU/lmr/bx/n/10 aBoostRegressor: \TU/lmr/m/n/10 These models
 []


Underfull \hbox (badness 7631) in paragraph at lines 815--816
\TU/lmr/m/n/10 encompass various other regression
 []

[24]

LaTeX Warning: Empty bibliography on input line 823.


Underfull \hbox (badness 1668) in paragraph at lines 828--829
\TU/lmr/m/n/10 tics provided by the Directorate-General of
 []


Underfull \hbox (badness 1052) in paragraph at lines 832--833
[]\TU/lmr/m/n/10 To ensure data quality, the Family In-
 []


Underfull \vbox (badness 1057) has occurred while \output is active []



Package hyperref Warning: Difference (2) between bookmark levels is greater 
(hyperref)                than one, level fixed on input line 836.


Underfull \hbox (badness 6032) in paragraph at lines 841--842
[]\TU/lmr/bx/n/10 Children (including adopted chil-
 []

[25]
Underfull \hbox (badness 1259) in paragraph at lines 846--847
[]\TU/lmr/bx/n/10 Head of Household’s Grandparents
 []


Underfull \hbox (badness 4391) in paragraph at lines 847--848
[]\TU/lmr/bx/n/10 Head of Household’s Uncles and
 []


Underfull \hbox (badness 3758) in paragraph at lines 849--850
[]\TU/lmr/bx/n/10 Children’s Spouses: \TU/lmr/m/n/10 The individual
 []


Underfull \hbox (badness 10000) in paragraph at lines 850--851
[]\TU/lmr/bx/n/10 Head of Household’s Nephews,
 []


Underfull \hbox (badness 10000) in paragraph at lines 852--853
[]\TU/lmr/bx/n/10 Siblings’ Spouses: \TU/lmr/m/n/10 The individual
 []


Underfull \hbox (badness 1762) in paragraph at lines 852--853
\TU/lmr/m/n/10 recorded in the data is the spouse of
 []


Underfull \hbox (badness 6978) in paragraph at lines 857--858
[]\TU/lmr/bx/n/10 Relatives’ Friends: \TU/lmr/m/n/10 The individual
 []


Underfull \hbox (badness 3989) in paragraph at lines 858--859
[]\TU/lmr/bx/n/10 Long-term Worker (with common
 []


Underfull \hbox (badness 1960) in paragraph at lines 858--859
\TU/lmr/bx/n/10 economic activities): \TU/lmr/m/n/10 The individual
 []


Underfull \hbox (badness 7168) in paragraph at lines 860--860
[]\TU/lmr/bx/n/10 Gender Relationship with the
 []


Underfull \hbox (badness 4156) in paragraph at lines 873--874
[]\TU/lmr/bx/n/10 Elementary School: \TU/lmr/m/n/10 The individual
 []


Underfull \hbox (badness 1824) in paragraph at lines 874--875
[]\TU/lmr/bx/n/10 Junior High School (Junior Voca-
 []

[26]
Underfull \hbox (badness 7273) in paragraph at lines 875--876
[]\TU/lmr/bx/n/10 Junior Vocational: \TU/lmr/m/n/10 The individual
 []


Underfull \hbox (badness 1383) in paragraph at lines 876--877
[]\TU/lmr/bx/n/10 Junior High School: \TU/lmr/m/n/10 The individual
 []


Underfull \hbox (badness 1460) in paragraph at lines 879--880
[]\TU/lmr/bx/n/10 Junior College (Before the Three-
 []


Underfull \hbox (badness 10000) in paragraph at lines 881--882
[]\TU/lmr/bx/n/10 Graduate School: \TU/lmr/m/n/10 The individual
 []


Underfull \hbox (badness 10000) in paragraph at lines 882--883
[]\TU/lmr/bx/n/10 Master’s Degree: \TU/lmr/m/n/10 The individual
 []


Underfull \hbox (badness 3861) in paragraph at lines 882--883
\TU/lmr/m/n/10 recorded in the data has obtained a
 []


Underfull \hbox (badness 10000) in paragraph at lines 894--895
[]\TU/lmr/bx/n/10 Fishing Industry: \TU/lmr/m/n/10 The individual
 []

[27]
Underfull \hbox (badness 4713) in paragraph at lines 905--906
[]\TU/lmr/bx/n/10 Transportation, Warehousing, and
 []

[28]
Underfull \hbox (badness 2057) in paragraph at lines 931--932
[]\TU/lmr/bx/n/10 Public Representative, Administra-
 []


Underfull \hbox (badness 10000) in paragraph at lines 935--936
[]\TU/lmr/bx/n/10 Clerical Workers: \TU/lmr/m/n/10 The individual
 []


Underfull \hbox (badness 2269) in paragraph at lines 937--938
[]\TU/lmr/bx/n/10 Service Workers and Salespersons:
 []


Underfull \hbox (badness 10000) in paragraph at lines 944--945
\TU/lmr/bx/n/10 Hunting Workers: \TU/lmr/m/n/10 The individual
 []


Underfull \hbox (badness 10000) in paragraph at lines 946--947
[]\TU/lmr/bx/n/10 Agriculture, Livestock, Hunting,
 []

[29]
Underfull \hbox (badness 10000) in paragraph at lines 960--961
[]\TU/lmr/bx/n/10 Manual Workers: \TU/lmr/m/n/10 The individual
 []


Underfull \hbox (badness 6910) in paragraph at lines 970--971
[]\TU/lmr/bx/n/10 Employee (Hired): \TU/lmr/m/n/10 The individual
 []


Underfull \hbox (badness 1184) in paragraph at lines 976--977
[]\TU/lmr/bx/n/10 Student (Including those attending
 []


Underfull \hbox (badness 1354) in paragraph at lines 978--979
[]\TU/lmr/bx/n/10 Other (Including children under 7
 []

[30]
Underfull \hbox (badness 4805) in paragraph at lines 991--991
[]\TU/lmr/bx/n/10 Income Recipient Type (Title:
 []


Underfull \hbox (badness 10000) in paragraph at lines 1030--1031
[]\TU/lmr/bx/n/10 Previously received one-time
 []

[31] [32

] (FinalProject.aux)
 ***********
LaTeX2e <2023-11-01>
L3 programming layer <2023-12-11>
 ***********


LaTeX Warning: There were undefined references.


LaTeX Warning: There were multiply-defined labels.

Package rerunfilecheck Info: File `FinalProject.out' has not changed.
(rerunfilecheck)             Checksum: 220A473D63C556B9B9A64FA3A45DFF04;12476.

Package biblatex Warning: Please (re)run BibTeX on the file(s):
(biblatex)                FinalProject
(biblatex)                and rerun LaTeX afterwards.

Package logreq Info: Writing requests to 'FinalProject.run.xml'.
\openout1 = `FinalProject.run.xml'.

 ) 
Here is how much of TeX's memory you used:
 22171 strings out of 409626
 437201 string characters out of 5778455
 1938109 words of memory out of 5000000
 44032 multiletter control sequences out of 15000+600000
 562389 words of font info for 63 fonts, out of 8000000 for 9000
 1348 hyphenation exceptions out of 8191
 79i,11n,93p,1891b,907s stack positions out of 10000i,1000n,20000p,200000b,200000s

Output written on FinalProject.pdf (33 pages).
